2021-02-17 09:01:58.591 [com.kafkastuff.wordcount.AdminRules.main()] INFO  org.apache.kafka.clients.admin.AdminClientConfig - AdminClientConfig values: 
	bootstrap.servers = [localhost:9092]
	client.dns.lookup = use_all_dns_ips
	client.id = 
	connections.max.idle.ms = 300000
	default.api.timeout.ms = 60000
	metadata.max.age.ms = 300000
	metric.reporters = []
	metrics.num.samples = 2
	metrics.recording.level = INFO
	metrics.sample.window.ms = 30000
	receive.buffer.bytes = 65536
	reconnect.backoff.max.ms = 1000
	reconnect.backoff.ms = 50
	request.timeout.ms = 30000
	retries = 2147483647
	retry.backoff.ms = 100
	sasl.client.callback.handler.class = null
	sasl.jaas.config = null
	sasl.kerberos.kinit.cmd = /usr/bin/kinit
	sasl.kerberos.min.time.before.relogin = 60000
	sasl.kerberos.service.name = null
	sasl.kerberos.ticket.renew.jitter = 0.05
	sasl.kerberos.ticket.renew.window.factor = 0.8
	sasl.login.callback.handler.class = null
	sasl.login.class = null
	sasl.login.refresh.buffer.seconds = 300
	sasl.login.refresh.min.period.seconds = 60
	sasl.login.refresh.window.factor = 0.8
	sasl.login.refresh.window.jitter = 0.05
	sasl.mechanism = GSSAPI
	security.protocol = PLAINTEXT
	security.providers = null
	send.buffer.bytes = 131072
	socket.connection.setup.timeout.max.ms = 127000
	socket.connection.setup.timeout.ms = 10000
	ssl.cipher.suites = null
	ssl.enabled.protocols = [TLSv1.2, TLSv1.3]
	ssl.endpoint.identification.algorithm = https
	ssl.engine.factory.class = null
	ssl.key.password = null
	ssl.keymanager.algorithm = SunX509
	ssl.keystore.certificate.chain = null
	ssl.keystore.key = null
	ssl.keystore.location = null
	ssl.keystore.password = null
	ssl.keystore.type = JKS
	ssl.protocol = TLSv1.3
	ssl.provider = null
	ssl.secure.random.implementation = null
	ssl.trustmanager.algorithm = PKIX
	ssl.truststore.certificates = null
	ssl.truststore.location = null
	ssl.truststore.password = null
	ssl.truststore.type = JKS

2021-02-17 09:01:58.607 [com.kafkastuff.wordcount.AdminRules.main()] DEBUG org.apache.kafka.clients.admin.internals.AdminMetadataManager - [AdminClient clientId=adminclient-1] Setting bootstrap cluster metadata Cluster(id = null, nodes = [localhost:9092 (id: -1 rack: null)], partitions = [], controller = null).
2021-02-17 09:01:58.637 [com.kafkastuff.wordcount.AdminRules.main()] INFO  org.apache.kafka.common.utils.AppInfoParser - Kafka version: 2.6.0
2021-02-17 09:01:58.637 [com.kafkastuff.wordcount.AdminRules.main()] INFO  org.apache.kafka.common.utils.AppInfoParser - Kafka commitId: 62abe01bee039651
2021-02-17 09:01:58.638 [com.kafkastuff.wordcount.AdminRules.main()] INFO  org.apache.kafka.common.utils.AppInfoParser - Kafka startTimeMs: 1613532718635
2021-02-17 09:01:58.638 [com.kafkastuff.wordcount.AdminRules.main()] DEBUG org.apache.kafka.clients.admin.KafkaAdminClient - [AdminClient clientId=adminclient-1] Kafka admin client initialized
2021-02-17 09:01:58.640 [com.kafkastuff.wordcount.AdminRules.main()] DEBUG org.apache.kafka.clients.admin.KafkaAdminClient - [AdminClient clientId=adminclient-1] Queueing Call(callName=listTopics, deadlineMs=1613532778639, tries=0, nextAllowedTryMs=0) with a timeout 60000 ms from now.
2021-02-17 09:01:58.641 [kafka-admin-client-thread | adminclient-1] DEBUG org.apache.kafka.clients.NetworkClient - [AdminClient clientId=adminclient-1] Initiating connection to node localhost:9092 (id: -1 rack: null) using address localhost/127.0.0.1
2021-02-17 09:01:58.653 [kafka-admin-client-thread | adminclient-1] DEBUG org.apache.kafka.common.network.Selector - [AdminClient clientId=adminclient-1] Created socket with SO_RCVBUF = 65536, SO_SNDBUF = 131072, SO_TIMEOUT = 0 to node -1
2021-02-17 09:01:58.757 [kafka-admin-client-thread | adminclient-1] DEBUG org.apache.kafka.clients.NetworkClient - [AdminClient clientId=adminclient-1] Completed connection to node -1. Fetching API versions.
2021-02-17 09:01:58.757 [kafka-admin-client-thread | adminclient-1] DEBUG org.apache.kafka.clients.NetworkClient - [AdminClient clientId=adminclient-1] Initiating API versions fetch from node -1.
2021-02-17 09:01:58.766 [kafka-admin-client-thread | adminclient-1] DEBUG org.apache.kafka.clients.NetworkClient - [AdminClient clientId=adminclient-1] Sending API_VERSIONS request with header RequestHeader(apiKey=API_VERSIONS, apiVersion=3, clientId=adminclient-1, correlationId=0) and timeout 3600000 to node -1: ApiVersionsRequestData(clientSoftwareName='apache-kafka-java', clientSoftwareVersion='2.6.0')
2021-02-17 09:01:58.807 [kafka-admin-client-thread | adminclient-1] DEBUG org.apache.kafka.clients.NetworkClient - [AdminClient clientId=adminclient-1] Received API_VERSIONS response from node -1 for request with header RequestHeader(apiKey=API_VERSIONS, apiVersion=3, clientId=adminclient-1, correlationId=0): ApiVersionsResponseData(errorCode=0, apiKeys=[ApiVersionsResponseKey(apiKey=0, minVersion=0, maxVersion=8), ApiVersionsResponseKey(apiKey=1, minVersion=0, maxVersion=12), ApiVersionsResponseKey(apiKey=2, minVersion=0, maxVersion=5), ApiVersionsResponseKey(apiKey=3, minVersion=0, maxVersion=9), ApiVersionsResponseKey(apiKey=4, minVersion=0, maxVersion=4), ApiVersionsResponseKey(apiKey=5, minVersion=0, maxVersion=3), ApiVersionsResponseKey(apiKey=6, minVersion=0, maxVersion=6), ApiVersionsResponseKey(apiKey=7, minVersion=0, maxVersion=3), ApiVersionsResponseKey(apiKey=8, minVersion=0, maxVersion=8), ApiVersionsResponseKey(apiKey=9, minVersion=0, maxVersion=7), ApiVersionsResponseKey(apiKey=10, minVersion=0, maxVersion=3), ApiVersionsResponseKey(apiKey=11, minVersion=0, maxVersion=7), ApiVersionsResponseKey(apiKey=12, minVersion=0, maxVersion=4), ApiVersionsResponseKey(apiKey=13, minVersion=0, maxVersion=4), ApiVersionsResponseKey(apiKey=14, minVersion=0, maxVersion=5), ApiVersionsResponseKey(apiKey=15, minVersion=0, maxVersion=5), ApiVersionsResponseKey(apiKey=16, minVersion=0, maxVersion=4), ApiVersionsResponseKey(apiKey=17, minVersion=0, maxVersion=1), ApiVersionsResponseKey(apiKey=18, minVersion=0, maxVersion=3), ApiVersionsResponseKey(apiKey=19, minVersion=0, maxVersion=6), ApiVersionsResponseKey(apiKey=20, minVersion=0, maxVersion=5), ApiVersionsResponseKey(apiKey=21, minVersion=0, maxVersion=2), ApiVersionsResponseKey(apiKey=22, minVersion=0, maxVersion=4), ApiVersionsResponseKey(apiKey=23, minVersion=0, maxVersion=3), ApiVersionsResponseKey(apiKey=24, minVersion=0, maxVersion=2), ApiVersionsResponseKey(apiKey=25, minVersion=0, maxVersion=2), ApiVersionsResponseKey(apiKey=26, minVersion=0, maxVersion=2), ApiVersionsResponseKey(apiKey=27, minVersion=0, maxVersion=0), ApiVersionsResponseKey(apiKey=28, minVersion=0, maxVersion=3), ApiVersionsResponseKey(apiKey=29, minVersion=0, maxVersion=2), ApiVersionsResponseKey(apiKey=30, minVersion=0, maxVersion=2), ApiVersionsResponseKey(apiKey=31, minVersion=0, maxVersion=2), ApiVersionsResponseKey(apiKey=32, minVersion=0, maxVersion=3), ApiVersionsResponseKey(apiKey=33, minVersion=0, maxVersion=1), ApiVersionsResponseKey(apiKey=34, minVersion=0, maxVersion=1), ApiVersionsResponseKey(apiKey=35, minVersion=0, maxVersion=2), ApiVersionsResponseKey(apiKey=36, minVersion=0, maxVersion=2), ApiVersionsResponseKey(apiKey=37, minVersion=0, maxVersion=3), ApiVersionsResponseKey(apiKey=38, minVersion=0, maxVersion=2), ApiVersionsResponseKey(apiKey=39, minVersion=0, maxVersion=2), ApiVersionsResponseKey(apiKey=40, minVersion=0, maxVersion=2), ApiVersionsResponseKey(apiKey=41, minVersion=0, maxVersion=2), ApiVersionsResponseKey(apiKey=42, minVersion=0, maxVersion=2), ApiVersionsResponseKey(apiKey=43, minVersion=0, maxVersion=2), ApiVersionsResponseKey(apiKey=44, minVersion=0, maxVersion=1), ApiVersionsResponseKey(apiKey=45, minVersion=0, maxVersion=0), ApiVersionsResponseKey(apiKey=46, minVersion=0, maxVersion=0), ApiVersionsResponseKey(apiKey=47, minVersion=0, maxVersion=0), ApiVersionsResponseKey(apiKey=48, minVersion=0, maxVersion=0), ApiVersionsResponseKey(apiKey=49, minVersion=0, maxVersion=0), ApiVersionsResponseKey(apiKey=50, minVersion=0, maxVersion=0), ApiVersionsResponseKey(apiKey=51, minVersion=0, maxVersion=0), ApiVersionsResponseKey(apiKey=56, minVersion=0, maxVersion=0), ApiVersionsResponseKey(apiKey=57, minVersion=0, maxVersion=0)], throttleTimeMs=0, supportedFeatures=[], finalizedFeaturesEpoch=0, finalizedFeatures=[])
2021-02-17 09:01:58.809 [kafka-admin-client-thread | adminclient-1] DEBUG org.apache.kafka.clients.NetworkClient - [AdminClient clientId=adminclient-1] Node -1 has finalized features epoch: 0, finalized features: [], supported features: [], API versions: (Produce(0): 0 to 8 [usable: 8], Fetch(1): 0 to 12 [usable: 12], ListOffsets(2): 0 to 5 [usable: 5], Metadata(3): 0 to 9 [usable: 9], LeaderAndIsr(4): 0 to 4 [usable: 4], StopReplica(5): 0 to 3 [usable: 3], UpdateMetadata(6): 0 to 6 [usable: 6], ControlledShutdown(7): 0 to 3 [usable: 3], OffsetCommit(8): 0 to 8 [usable: 8], OffsetFetch(9): 0 to 7 [usable: 7], FindCoordinator(10): 0 to 3 [usable: 3], JoinGroup(11): 0 to 7 [usable: 7], Heartbeat(12): 0 to 4 [usable: 4], LeaveGroup(13): 0 to 4 [usable: 4], SyncGroup(14): 0 to 5 [usable: 5], DescribeGroups(15): 0 to 5 [usable: 5], ListGroups(16): 0 to 4 [usable: 4], SaslHandshake(17): 0 to 1 [usable: 1], ApiVersions(18): 0 to 3 [usable: 3], CreateTopics(19): 0 to 6 [usable: 6], DeleteTopics(20): 0 to 5 [usable: 5], DeleteRecords(21): 0 to 2 [usable: 2], InitProducerId(22): 0 to 4 [usable: 4], OffsetForLeaderEpoch(23): 0 to 3 [usable: 3], AddPartitionsToTxn(24): 0 to 2 [usable: 2], AddOffsetsToTxn(25): 0 to 2 [usable: 2], EndTxn(26): 0 to 2 [usable: 2], WriteTxnMarkers(27): 0 [usable: 0], TxnOffsetCommit(28): 0 to 3 [usable: 3], DescribeAcls(29): 0 to 2 [usable: 2], CreateAcls(30): 0 to 2 [usable: 2], DeleteAcls(31): 0 to 2 [usable: 2], DescribeConfigs(32): 0 to 3 [usable: 3], AlterConfigs(33): 0 to 1 [usable: 1], AlterReplicaLogDirs(34): 0 to 1 [usable: 1], DescribeLogDirs(35): 0 to 2 [usable: 2], SaslAuthenticate(36): 0 to 2 [usable: 2], CreatePartitions(37): 0 to 3 [usable: 3], CreateDelegationToken(38): 0 to 2 [usable: 2], RenewDelegationToken(39): 0 to 2 [usable: 2], ExpireDelegationToken(40): 0 to 2 [usable: 2], DescribeDelegationToken(41): 0 to 2 [usable: 2], DeleteGroups(42): 0 to 2 [usable: 2], ElectLeaders(43): 0 to 2 [usable: 2], IncrementalAlterConfigs(44): 0 to 1 [usable: 1], AlterPartitionReassignments(45): 0 [usable: 0], ListPartitionReassignments(46): 0 [usable: 0], OffsetDelete(47): 0 [usable: 0], DescribeClientQuotas(48): 0 [usable: 0], AlterClientQuotas(49): 0 [usable: 0], DescribeUserScramCredentials(50): 0 [usable: 0], AlterUserScramCredentials(51): 0 [usable: 0], AlterIsr(56): 0 [usable: 0], UpdateFeatures(57): 0 [usable: 0]).
2021-02-17 09:01:58.809 [kafka-admin-client-thread | adminclient-1] DEBUG org.apache.kafka.clients.admin.KafkaAdminClient - [AdminClient clientId=adminclient-1] Sending MetadataRequestData(topics=[], allowAutoTopicCreation=true, includeClusterAuthorizedOperations=false, includeTopicAuthorizedOperations=false) to localhost:9092 (id: -1 rack: null). correlationId=1
2021-02-17 09:01:58.809 [kafka-admin-client-thread | adminclient-1] DEBUG org.apache.kafka.clients.NetworkClient - [AdminClient clientId=adminclient-1] Sending METADATA request with header RequestHeader(apiKey=METADATA, apiVersion=9, clientId=adminclient-1, correlationId=1) and timeout 29830 to node -1: MetadataRequestData(topics=[], allowAutoTopicCreation=true, includeClusterAuthorizedOperations=false, includeTopicAuthorizedOperations=false)
2021-02-17 09:01:58.814 [kafka-admin-client-thread | adminclient-1] DEBUG org.apache.kafka.clients.NetworkClient - [AdminClient clientId=adminclient-1] Received METADATA response from node -1 for request with header RequestHeader(apiKey=METADATA, apiVersion=9, clientId=adminclient-1, correlationId=1): MetadataResponseData(throttleTimeMs=0, brokers=[MetadataResponseBroker(nodeId=0, host='atul-G3-3579', port=9092, rack=null)], clusterId='6WthurffQv6ciC7XQCNFBQ', controllerId=0, topics=[], clusterAuthorizedOperations=-2147483648)
2021-02-17 09:01:58.816 [kafka-admin-client-thread | adminclient-1] DEBUG org.apache.kafka.clients.admin.internals.AdminMetadataManager - [AdminClient clientId=adminclient-1] Updating cluster metadata to Cluster(id = 6WthurffQv6ciC7XQCNFBQ, nodes = [atul-G3-3579:9092 (id: 0 rack: null)], partitions = [], controller = atul-G3-3579:9092 (id: 0 rack: null))
2021-02-17 09:01:58.817 [kafka-admin-client-thread | adminclient-1] DEBUG org.apache.kafka.clients.NetworkClient - [AdminClient clientId=adminclient-1] Initiating connection to node atul-G3-3579:9092 (id: 0 rack: null) using address atul-G3-3579/127.0.1.1
2021-02-17 09:01:58.819 [kafka-admin-client-thread | adminclient-1] DEBUG org.apache.kafka.common.network.Selector - [AdminClient clientId=adminclient-1] Created socket with SO_RCVBUF = 65536, SO_SNDBUF = 131072, SO_TIMEOUT = 0 to node 0
2021-02-17 09:01:58.819 [kafka-admin-client-thread | adminclient-1] DEBUG org.apache.kafka.clients.NetworkClient - [AdminClient clientId=adminclient-1] Completed connection to node 0. Fetching API versions.
2021-02-17 09:01:58.819 [kafka-admin-client-thread | adminclient-1] DEBUG org.apache.kafka.clients.NetworkClient - [AdminClient clientId=adminclient-1] Initiating API versions fetch from node 0.
2021-02-17 09:01:58.819 [kafka-admin-client-thread | adminclient-1] DEBUG org.apache.kafka.clients.NetworkClient - [AdminClient clientId=adminclient-1] Sending API_VERSIONS request with header RequestHeader(apiKey=API_VERSIONS, apiVersion=3, clientId=adminclient-1, correlationId=2) and timeout 3600000 to node 0: ApiVersionsRequestData(clientSoftwareName='apache-kafka-java', clientSoftwareVersion='2.6.0')
2021-02-17 09:01:58.821 [kafka-admin-client-thread | adminclient-1] DEBUG org.apache.kafka.clients.NetworkClient - [AdminClient clientId=adminclient-1] Received API_VERSIONS response from node 0 for request with header RequestHeader(apiKey=API_VERSIONS, apiVersion=3, clientId=adminclient-1, correlationId=2): ApiVersionsResponseData(errorCode=0, apiKeys=[ApiVersionsResponseKey(apiKey=0, minVersion=0, maxVersion=8), ApiVersionsResponseKey(apiKey=1, minVersion=0, maxVersion=12), ApiVersionsResponseKey(apiKey=2, minVersion=0, maxVersion=5), ApiVersionsResponseKey(apiKey=3, minVersion=0, maxVersion=9), ApiVersionsResponseKey(apiKey=4, minVersion=0, maxVersion=4), ApiVersionsResponseKey(apiKey=5, minVersion=0, maxVersion=3), ApiVersionsResponseKey(apiKey=6, minVersion=0, maxVersion=6), ApiVersionsResponseKey(apiKey=7, minVersion=0, maxVersion=3), ApiVersionsResponseKey(apiKey=8, minVersion=0, maxVersion=8), ApiVersionsResponseKey(apiKey=9, minVersion=0, maxVersion=7), ApiVersionsResponseKey(apiKey=10, minVersion=0, maxVersion=3), ApiVersionsResponseKey(apiKey=11, minVersion=0, maxVersion=7), ApiVersionsResponseKey(apiKey=12, minVersion=0, maxVersion=4), ApiVersionsResponseKey(apiKey=13, minVersion=0, maxVersion=4), ApiVersionsResponseKey(apiKey=14, minVersion=0, maxVersion=5), ApiVersionsResponseKey(apiKey=15, minVersion=0, maxVersion=5), ApiVersionsResponseKey(apiKey=16, minVersion=0, maxVersion=4), ApiVersionsResponseKey(apiKey=17, minVersion=0, maxVersion=1), ApiVersionsResponseKey(apiKey=18, minVersion=0, maxVersion=3), ApiVersionsResponseKey(apiKey=19, minVersion=0, maxVersion=6), ApiVersionsResponseKey(apiKey=20, minVersion=0, maxVersion=5), ApiVersionsResponseKey(apiKey=21, minVersion=0, maxVersion=2), ApiVersionsResponseKey(apiKey=22, minVersion=0, maxVersion=4), ApiVersionsResponseKey(apiKey=23, minVersion=0, maxVersion=3), ApiVersionsResponseKey(apiKey=24, minVersion=0, maxVersion=2), ApiVersionsResponseKey(apiKey=25, minVersion=0, maxVersion=2), ApiVersionsResponseKey(apiKey=26, minVersion=0, maxVersion=2), ApiVersionsResponseKey(apiKey=27, minVersion=0, maxVersion=0), ApiVersionsResponseKey(apiKey=28, minVersion=0, maxVersion=3), ApiVersionsResponseKey(apiKey=29, minVersion=0, maxVersion=2), ApiVersionsResponseKey(apiKey=30, minVersion=0, maxVersion=2), ApiVersionsResponseKey(apiKey=31, minVersion=0, maxVersion=2), ApiVersionsResponseKey(apiKey=32, minVersion=0, maxVersion=3), ApiVersionsResponseKey(apiKey=33, minVersion=0, maxVersion=1), ApiVersionsResponseKey(apiKey=34, minVersion=0, maxVersion=1), ApiVersionsResponseKey(apiKey=35, minVersion=0, maxVersion=2), ApiVersionsResponseKey(apiKey=36, minVersion=0, 2021-02-17 09:09:02.055 [com.kafkastuff.wordcount.AdminRules.main()] INFO  org.apache.kafka.clients.admin.AdminClientConfig - AdminClientConfig values: 
	bootstrap.servers = [localhost:9092]
	client.dns.lookup = use_all_dns_ips
	client.id = 
	connections.max.idle.ms = 300000
	default.api.timeout.ms = 60000
	metadata.max.age.ms = 300000
	metric.reporters = []
	metrics.num.samples = 2
	metrics.recording.level = INFO
	metrics.sample.window.ms = 30000
	receive.buffer.bytes = 65536
	reconnect.backoff.max.ms = 1000
	reconnect.backoff.ms = 50
	request.timeout.ms = 30000
	retries = 2147483647
	retry.backoff.ms = 100
	sasl.client.callback.handler.class = null
	sasl.jaas.config = null
	sasl.kerberos.kinit.cmd = /usr/bin/kinit
	sasl.kerberos.min.time.before.relogin = 60000
	sasl.kerberos.service.name = null
	sasl.kerberos.ticket.renew.jitter = 0.05
	sasl.kerberos.ticket.renew.window.factor = 0.8
	sasl.login.callback.handler.class = null
	sasl.login.class = null
	sasl.login.refresh.buffer.seconds = 300
	sasl.login.refresh.min.period.seconds = 60
	sasl.login.refresh.window.factor = 0.8
	sasl.login.refresh.window.jitter = 0.05
	sasl.mechanism = GSSAPI
	security.protocol = PLAINTEXT
	security.providers = null
	send.buffer.bytes = 131072
	socket.connection.setup.timeout.max.ms = 127000
	socket.connection.setup.timeout.ms = 10000
	ssl.cipher.suites = null
	ssl.enabled.protocols = [TLSv1.2, TLSv1.3]
	ssl.endpoint.identification.algorithm = https
	ssl.engine.factory.class = null
	ssl.key.password = null
	ssl.keymanager.algorithm = SunX509
	ssl.keystore.certificate.chain = null
	ssl.keystore.key = null
	ssl.keystore.location = null
	ssl.keystore.password = null
	ssl.keystore.type = JKS
	ssl.protocol = TLSv1.3
	ssl.provider = null
	ssl.secure.random.implementation = null
	ssl.trustmanager.algorithm = PKIX
	ssl.truststore.certificates = null
	ssl.truststore.location = null
	ssl.truststore.password = null
	ssl.truststore.type = JKS

2021-02-17 09:09:02.073 [com.kafkastuff.wordcount.AdminRules.main()] DEBUG org.apache.kafka.clients.admin.internals.AdminMetadataManager - [AdminClient clientId=adminclient-1] Setting bootstrap cluster metadata Cluster(id = null, nodes = [localhost:9092 (id: -1 rack: null)], partitions = [], controller = null).
2021-02-17 09:09:02.112 [com.kafkastuff.wordcount.AdminRules.main()] INFO  org.apache.kafka.common.utils.AppInfoParser - Kafka version: 2.6.0
2021-02-17 09:09:02.112 [com.kafkastuff.wordcount.AdminRules.main()] INFO  org.apache.kafka.common.utils.AppInfoParser - Kafka commitId: 62abe01bee039651
2021-02-17 09:09:02.112 [com.kafkastuff.wordcount.AdminRules.main()] INFO  org.apache.kafka.common.utils.AppInfoParser - Kafka startTimeMs: 1613533142110
2021-02-17 09:09:02.113 [com.kafkastuff.wordcount.AdminRules.main()] DEBUG org.apache.kafka.clients.admin.KafkaAdminClient - [AdminClient clientId=adminclient-1] Kafka admin client initialized
2021-02-17 09:09:02.114 [com.kafkastuff.wordcount.AdminRules.main()] DEBUG org.apache.kafka.clients.admin.KafkaAdminClient - [AdminClient clientId=adminclient-1] Queueing Call(callName=listTopics, deadlineMs=1613533202114, tries=0, nextAllowedTryMs=0) with a timeout 60000 ms from now.
2021-02-17 09:09:02.116 [kafka-admin-client-thread | adminclient-1] DEBUG org.apache.kafka.clients.NetworkClient - [AdminClient clientId=adminclient-1] Initiating connection to node localhost:9092 (id: -1 rack: null) using address localhost/127.0.0.1
2021-02-17 09:09:02.127 [kafka-admin-client-thread | adminclient-1] DEBUG org.apache.kafka.common.network.Selector - [AdminClient clientId=adminclient-1] Created socket with SO_RCVBUF = 65536, SO_SNDBUF = 131072, SO_TIMEOUT = 0 to node -1
2021-02-17 09:09:02.232 [kafka-admin-client-thread | adminclient-1] DEBUG org.apache.kafka.clients.NetworkClient - [AdminClient clientId=adminclient-1] Completed connection to node -1. Fetching API versions.
2021-02-17 09:09:02.233 [kafka-admin-client-thread | adminclient-1] DEBUG org.apache.kafka.clients.NetworkClient - [AdminClient clientId=adminclient-1] Initiating API versions fetch from node -1.
2021-02-17 09:09:02.241 [kafka-admin-client-thread | adminclient-1] DEBUG org.apache.kafka.clients.NetworkClient - [AdminClient clientId=adminclient-1] Sending API_VERSIONS request with header RequestHeader(apiKey=API_VERSIONS, apiVersion=3, clientId=adminclient-1, correlationId=0) and timeout 3600000 to node -1: ApiVersionsRequestData(clientSoftwareName='apache-kafka-java', clientSoftwareVersion='2.6.0')
2021-02-17 09:09:02.284 [kafka-admin-client-thread | adminclient-1] DEBUG org.apache.kafka.clients.NetworkClient - [AdminClient clientId=adminclient-1] Received API_VERSIONS response from node -1 for request with header RequestHeader(apiKey=API_VERSIONS, apiVersion=3, clientId=adminclient-1, correlationId=0): ApiVersionsResponseData(errorCode=0, apiKeys=[ApiVersionsResponseKey(apiKey=0, minVersion=0, maxVersion=8), ApiVersionsResponseKey(apiKey=1, minVersion=0, maxVersion=12), ApiVersionsResponseKey(apiKey=2, minVersion=0, maxVersion=5), ApiVersionsResponseKey(apiKey=3, minVersion=0, maxVersion=9), ApiVersionsResponseKey(apiKey=4, minVersion=0, maxVersion=4), ApiVersionsResponseKey(apiKey=5, minVersion=0, maxVersion=3), ApiVersionsResponseKey(apiKey=6, minVersion=0, maxVersion=6), ApiVersionsResponseKey(apiKey=7, minVersion=0, maxVersion=3), ApiVersionsResponseKey(apiKey=8, minVersion=0, maxVersion=8), ApiVersionsResponseKey(apiKey=9, minVersion=0, maxVersion=7), ApiVersionsResponseKey(apiKey=10, minVersion=0, maxVersion=3), ApiVersionsResponseKey(apiKey=11, minVersion=0, maxVersion=7), ApiVersionsResponseKey(apiKey=12, minVersion=0, maxVersion=4), ApiVersionsResponseKey(apiKey=13, minVersion=0, maxVersion=4), ApiVersionsResponseKey(apiKey=14, minVersion=0, maxVersion=5), ApiVersionsResponseKey(apiKey=15, minVersion=0, maxVersion=5), ApiVersionsResponseKey(apiKey=16, minVersion=0, maxVersion=4), ApiVersionsResponseKey(apiKey=17, minVersion=0, maxVersion=1), ApiVersionsResponseKey(apiKey=18, minVersion=0, maxVersion=3), ApiVersionsResponseKey(apiKey=19, minVersion=0, maxVersion=6), ApiVersionsResponseKey(apiKey=20, minVersion=0, maxVersion=5), ApiVersionsResponseKey(apiKey=21, minVersion=0, maxVersion=2), ApiVersionsResponseKey(apiKey=22, minVersion=0, maxVersion=4), ApiVersionsResponseKey(apiKey=23, minVersion=0, maxVersion=3), ApiVersionsResponseKey(apiKey=24, minVersion=0, maxVersion=2), ApiVersionsResponseKey(apiKey=25, minVersion=0, maxVersion=2), ApiVersionsResponseKey(apiKey=26, minVersion=0, maxVersion=2), ApiVersionsResponseKey(apiKey=27, minVersion=0, maxVersion=0), ApiVersionsResponseKey(apiKey=28, minVersion=0, maxVersion=3), ApiVersionsResponseKey(apiKey=29, minVersion=0, maxVersion=2), ApiVersionsResponseKey(apiKey=30, minVersion=0, maxVersion=2), ApiVersionsResponseKey(apiKey=31, minVersion=0, maxVersion=2), ApiVersionsResponseKey(apiKey=32, minVersion=0, maxVersion=3), ApiVersionsResponseKey(apiKey=33, minVersion=0, maxVersion=1), ApiVersionsResponseKey(apiKey=34, minVersion=0, maxVersion=1), ApiVersionsResponseKey(apiKey=35, minVersion=0, maxVersion=2), ApiVersionsResponseKey(apiKey=36, minVersion=0, maxVersion=2), ApiVersionsResponseKey(apiKey=37, minVersion=0, maxVersion=3), ApiVersionsResponseKey(apiKey=38, minVersion=0, maxVersion=2), ApiVersionsResponseKey(apiKey=39, minVersion=0, maxVersion=2), ApiVersionsResponseKey(apiKey=40, minVersion=0, maxVersion=2), ApiVersionsResponseKey(apiKey=41, minVersion=0, maxVersion=2), ApiVersionsResponseKey(apiKey=42, minVersion=0, maxVersion=2), ApiVersionsResponseKey(apiKey=43, minVersion=0, maxVersion=2), ApiVersionsResponseKey(apiKey=44, minVersion=0, maxVersion=1), ApiVersionsResponseKey(apiKey=45, minVersion=0, maxVersion=0), ApiVersionsResponseKey(apiKey=46, minVersion=0, maxVersion=0), ApiVersionsResponseKey(apiKey=47, minVersion=0, maxVersion=0), ApiVersionsResponseKey(apiKey=48, minVersion=0, maxVersion=0), ApiVersionsResponseKey(apiKey=49, minVersion=0, maxVersion=0), ApiVersionsResponseKey(apiKey=50, minVersion=0, maxVersion=0), ApiVersionsResponseKey(apiKey=51, minVersion=0, maxVersion=0), ApiVersionsResponseKey(apiKey=56, minVersion=0, maxVersion=0), ApiVersionsResponseKey(apiKey=57, minVersion=0, maxVersion=0)], throttleTimeMs=0, supportedFeatures=[], finalizedFeaturesEpoch=0, finalizedFeatures=[])
2021-02-17 09:09:02.286 [kafka-admin-client-thread | adminclient-1] DEBUG org.apache.kafka.clients.NetworkClient - [AdminClient clientId=adminclient-1] Node -1 has finalized features epoch: 0, finalized features: [], supported features: [], API versions: (Produce(0): 0 to 8 [usable: 8], Fetch(1): 0 to 12 [usable: 12], ListOffsets(2): 0 to 5 [usable: 5], Metadata(3): 0 to 9 [usable: 9], LeaderAndIsr(4): 0 to 4 [usable: 4], StopReplica(5): 0 to 3 [usable: 3], UpdateMetadata(6): 0 to 6 [usable: 6], ControlledShutdown(7): 0 to 3 [usable: 3], OffsetCommit(8): 0 to 8 [usable: 8], OffsetFetch(9): 0 to 7 [usable: 7], FindCoordinator(10): 0 to 3 [usable: 3], JoinGroup(11): 0 to 7 [usable: 7], Heartbeat(12): 0 to 4 [usable: 4], LeaveGroup(13): 0 to 4 [usable: 4], SyncGroup(14): 0 to 5 [usable: 5], DescribeGroups(15): 0 to 5 [usable: 5], ListGroups(16): 0 to 4 [usable: 4], SaslHandshake(17): 0 to 1 [usable: 1], ApiVersions(18): 0 to 3 [usable: 3], CreateTopics(19): 0 to 6 [usable: 6], DeleteTopics(20): 0 to 5 [usable: 5], DeleteRecords(21): 0 to 2 [usable: 2], InitProducerId(22): 0 to 4 [usable: 4], OffsetForLeaderEpoch(23): 0 to 3 [usable: 3], AddPartitionsToTxn(24): 0 to 2 [usable: 2], AddOffsetsToTxn(25): 0 to 2 [usable: 2], EndTxn(26): 0 to 2 [usable: 2], WriteTxnMarkers(27): 0 [usable: 0], TxnOffsetCommit(28): 0 to 3 [usable: 3], DescribeAcls(29): 0 to 2 [usable: 2], CreateAcls(30): 0 to 2 [usable: 2], DeleteAcls(31): 0 to 2 [usable: 2], DescribeConfigs(32): 0 to 3 [usable: 3], AlterConfigs(33): 0 to 1 [usable: 1], AlterReplicaLogDirs(34): 0 to 1 [usable: 1], DescribeLogDirs(35): 0 to 2 [usable: 2], SaslAuthenticate(36): 0 to 2 [usable: 2], CreatePartitions(37): 0 to 3 [usable: 3], CreateDelegationToken(38): 0 to 2 [usable: 2], RenewDelegationToken(39): 0 to 2 [usable: 2], ExpireDelegationToken(40): 0 to 2 [usable: 2], DescribeDelegationToken(41): 0 to 2 [usable: 2], DeleteGroups(42): 0 to 2 [usable: 2], ElectLeaders(43): 0 to 2 [usable: 2], IncrementalAlterConfigs(44): 0 to 1 [usable: 1], AlterPartitionReassignments(45): 0 [usable: 0], ListPartitionReassignments(46): 0 [usable: 0], OffsetDelete(47): 0 [usable: 0], DescribeClientQuotas(48): 0 [usable: 0], AlterClientQuotas(49): 0 [usable: 0], DescribeUserScramCredentials(50): 0 [usable: 0], AlterUserScramCredentials(51): 0 [usable: 0], AlterIsr(56): 0 [usable: 0], UpdateFeatures(57): 0 [usable: 0]).
2021-02-17 09:09:02.286 [kafka-admin-client-thread | adminclient-1] DEBUG org.apache.kafka.clients.admin.KafkaAdminClient - [AdminClient clientId=adminclient-1] Sending MetadataRequestData(topics=[], allowAutoTopicCreation=true, includeClusterAuthorizedOperations=false, includeTopicAuthorizedOperations=false) to localhost:9092 (id: -1 rack: null). correlationId=1
2021-02-17 09:09:02.287 [kafka-admin-client-thread | adminclient-1] DEBUG org.apache.kafka.clients.NetworkClient - [AdminClient clientId=adminclient-1] Sending METADATA request with header RequestHeader(apiKey=METADATA, apiVersion=9, clientId=adminclient-1, correlationId=1) and timeout 29827 to node -1: MetadataRequestData(topics=[], allowAutoTopicCreation=true, includeClusterAuthorizedOperations=false, includeTopicAuthorizedOperations=false)
2021-02-17 09:09:02.288 [kafka-admin-client-thread | adminclient-1] DEBUG org.apache.kafka.clients.NetworkClient - [AdminClient clientId=adminclient-1] Received METADATA response from node -1 for request with header RequestHeader(apiKey=METADATA, apiVersion=9, clientId=adminclient-1, correlationId=1): MetadataResponseData(throttleTimeMs=0, brokers=[MetadataResponseBroker(nodeId=0, host='atul-G3-3579', port=9092, rack=null)], clusterId='6WthurffQv6ciC7XQCNFBQ', controllerId=0, topics=[], clusterAuthorizedOperations=-2147483648)
2021-02-17 09:09:02.290 [kafka-admin-client-thread | adminclient-1] DEBUG org.apache.kafka.clients.admin.internals.AdminMetadataManager - [AdminClient clientId=adminclient-1] Updating cluster metadata to Cluster(id = 6WthurffQv6ciC7XQCNFBQ, nodes = [atul-G3-3579:9092 (id: 0 rack: null)], partitions = [], controller = atul-G3-3579:9092 (id: 0 rack: null))
2021-02-17 09:09:02.291 [kafka-admin-client-thread | adminclient-1] DEBUG org.apache.kafka.clients.NetworkClient - [AdminClient clientId=adminclient-1] Initiating connection to node atul-G3-3579:9092 (id: 0 rack: null) using address atul-G3-3579/127.0.1.1
2021-02-17 09:09:02.292 [kafka-admin-client-thread | adminclient-1] DEBUG org.apache.kafka.common.network.Selector - [AdminClient clientId=adminclient-1] Created socket with SO_RCVBUF = 65536, SO_SNDBUF = 131072, SO_TIMEOUT = 0 to node 0
2021-02-17 09:09:02.292 [kafka-admin-client-thread | adminclient-1] DEBUG org.apache.kafka.clients.NetworkClient - [AdminClient clientId=adminclient-1] Completed connection to node 0. Fetching API versions.
2021-02-17 09:09:02.292 [kafka-admin-client-thread | adminclient-1] DEBUG org.apache.kafka.clients.NetworkClient - [AdminClient clientId=adminclient-1] Initiating API versions fetch from node 0.
2021-02-17 09:09:02.292 [kafka-admin-client-thread | adminclient-1] DEBUG org.apache.kafka.clients.NetworkClient - [AdminClient clientId=adminclient-1] Sending API_VERSIONS request with header RequestHeader(apiKey=API_VERSIONS, apiVersion=3, clientId=adminclient-1, correlationId=2) and timeout 3600000 to node 0: ApiVersionsRequestData(clientSoftwareName='apache-kafka-java', clientSoftwareVersion='2.6.0')
2021-02-17 09:09:02.294 [kafka-admin-client-thread | adminclient-1] DEBUG org.apache.kafka.clients.NetworkClient - [AdminClient clientId=adminclient-1] Received API_VERSIONS response from node 0 for request with header RequestHeader(apiKey=API_VERSIONS, apiVersion=3, clientId=adminclient-1, correlationId=2): ApiVersionsResponseData(errorCode=0, apiKeys=[ApiVersionsResponseKey(apiKey=0, minVersion=0, maxVersion=8), ApiVersionsResponseKey(apiKey=1, minVersion=0, maxVersion=12), ApiVersionsResponseKey(apiKey=2, minVersion=0, maxVersion=5), ApiVersionsResponseKey(apiKey=3, minVersion=0, maxVersion=9), ApiVersionsResponseKey(apiKey=4, minVersion=0, maxVersion=4), ApiVersionsResponseKey(apiKey=5, minVersion=0, maxVersion=3), ApiVersionsResponseKey(apiKey=6, minVersion=0, maxVersion=6), ApiVersionsResponseKey(apiKey=7, minVersion=0, maxVersion=3), ApiVersionsResponseKey(apiKey=8, minVersion=0, maxVersion=8), ApiVersionsResponseKey(apiKey=9, minVersion=0, maxVersion=7), ApiVersionsResponseKey(apiKey=10, minVersion=0, maxVersion=3), ApiVersionsResponseKey(apiKey=11, minVersion=0, maxVersion=7), ApiVersionsResponseKey(apiKey=12, minVersion=0, maxVersion=4), ApiVersionsResponseKey(apiKey=13, minVersion=0, maxVersion=4), ApiVersionsResponseKey(apiKey=14, minVersion=0, maxVersion=5), ApiVersionsResponseKey(apiKey=15, minVersion=0, maxVersion=5), ApiVersionsResponseKey(apiKey=16, minVersion=0, maxVersion=4), ApiVersionsResponseKey(apiKey=17, minVersion=0, maxVersion=1), ApiVersionsResponseKey(apiKey=18, minVersion=0, maxVersion=3), ApiVersionsResponseKey(apiKey=19, minVersion=0, maxVersion=6), ApiVersionsResponseKey(apiKey=20, minVersion=0, maxVersion=5), ApiVersionsResponseKey(apiKey=21, minVersion=0, maxVersion=2), ApiVersionsResponseKey(apiKey=22, minVersion=0, maxVersion=4), ApiVersionsResponseKey(apiKey=23, minVersion=0, maxVersion=3), ApiVersionsResponseKey(apiKey=24, minVersion=0, maxVersion=2), ApiVersionsResponseKey(apiKey=25, minVersion=0, maxVersion=2), ApiVersionsResponseKey(apiKey=26, minVersion=0, maxVersion=2), ApiVersionsResponseKey(apiKey=27, minVersion=0, maxVersion=0), ApiVersionsResponseKey(apiKey=28, minVersion=0, maxVersion=3), ApiVersionsResponseKey(apiKey=29, minVersion=0, maxVersion=2), ApiVersionsResponseKey(apiKey=30, minVersion=0, maxVersion=2), ApiVersionsResponseKey(apiKey=31, minVersion=0, maxVersion=2), ApiVersionsResponseKey(apiKey=32, minVersion=0, maxVersion=3), ApiVersionsResponseKey(apiKey=33, minVersion=0, maxVersion=1), ApiVersionsResponseKey(apiKey=34, minVersion=0, maxVersion=1), ApiVersionsResponseKey(apiKey=35, minVersion=0, maxVersion=2), ApiVersionsResponseKey(apiKey=36, minVersion=0, maxVersion=2), ApiVersionsResponseKey(apiKey=37, minVersion=0, maxVersion=3), ApiVersionsResponseKey(apiKey=38, minVersion=0, maxVersion=2), ApiVersionsResponseKey(apiKey=39, minVersion=0, maxVersion=2), ApiVersionsResponseKey(apiKey=40, minVersion=0, maxVersion=2), ApiVersionsResponseKey(apiKey=41, minVersion=0, maxVersion=2), ApiVersionsResponseKey(apiKey=42, minVersion=0, maxVersion=2), ApiVersionsResponseKey(apiKey=43, minVersion=0, maxVersion=2), ApiVersionsResponseKey(apiKey=44, minVersion=0, maxVersion=1), ApiVersionsResponseKey(apiKey=45, minVersion=0, maxVersion=0), ApiVersionsResponseKey(apiKey=46, minVersion=0, maxVersion=0), ApiVersionsResponseKey(apiKey=47, minVersion=0, maxVersion=0), ApiVersionsResponseKey(apiKey=48, minVersion=0, maxVersion=0), ApiVersionsResponseKey(apiKey=49, minVersion=0, maxVersion=0), ApiVersionsResponseKey(apiKey=50, minVersion=0, maxVersion=0), ApiVersionsResponseKey(apiKey=51, minVersion=0, maxVersion=0), ApiVersionsResponseKey(apiKey=56, minVersion=0, maxVersion=0), ApiVersionsResponseKey(apiKey=57, minVersion=0, maxVersion=0)], throttleTimeMs=0, supportedFeatures=[], finalizedFeaturesEpoch=0, finalizedFeatures=[])
2021-02-17 09:09:02.296 [kafka-admin-client-thread | adminclient-1] DEBUG org.apache.kafka.clients.NetworkClient - [AdminClient clientId=adminclient-1] Node 0 has finalized features epoch: 0, finalized features: [], supported features: [], API versions: (Produce(0): 0 to 8 [usable: 8], Fetch(1): 0 to 12 [usable: 12], ListOffsets(2): 0 to 5 [usable: 5], Metadata(3): 0 to 9 [usable: 9], LeaderAndIsr(4): 0 to 4 [usable: 4], StopReplica(5): 0 to 3 [usable: 3], UpdateMetadata(6): 0 to 6 [usable: 6], ControlledShutdown(7): 0 to 3 [usable: 3], OffsetCommit(8): 0 to 8 [usable: 8], OffsetFetch(9): 0 to 7 [usable: 7], FindCoordinator(10): 0 to 3 [usable: 3], JoinGroup(11): 0 to 7 [usable: 7], Heartbeat(12): 0 to 4 [usable: 4], LeaveGroup(13): 0 to 4 [usable: 4], SyncGroup(14): 0 to 5 [usable: 5], DescribeGroups(15): 0 to 5 [usable: 5], ListGroups(16): 0 to 4 [usable: 4], SaslHandshake(17): 0 to 1 [usable: 1], ApiVersions(18): 0 to 3 [usable: 3], CreateTopics(19): 0 to 6 [usable: 6], DeleteTopics(20): 0 to 5 [usable: 5], DeleteRecords(21): 0 to 2 [usable: 2], InitProducerId(22): 0 to 4 [usable: 4], OffsetForLeaderEpoch(23): 0 to 3 [usable: 3], AddPartitionsToTxn(24): 0 to 2 [usable: 2], AddOffsetsToTxn(25): 0 to 2 [usable: 2], EndTxn(26): 0 to 2 [usable: 2], WriteTxnMarkers(27): 0 [usable: 0], TxnOffsetCommit(28): 0 to 3 [usable: 3], DescribeAcls(29): 0 to 2 [usable: 2], CreateAcls(30): 0 to 2 [usable: 2], DeleteAcls(31): 0 to 2 [usable: 2], DescribeConfigs(32): 0 to 3 [usable: 3], AlterConfigs(33): 0 to 1 [usable: 1], AlterReplicaLogDirs(34): 0 to 1 [usable: 1], DescribeLogDirs(35): 0 to 2 [usable: 2], SaslAuthenticate(36): 0 to 2 [usable: 2], CreatePartitions(37): 0 to 3 [usable: 3], CreateDelegationToken(38): 0 to 2 [usable: 2], RenewDelegationToken(39): 0 to 2 [usable: 2], ExpireDelegationToken(40): 0 to 2 [usable: 2], DescribeDelegationToken(41): 0 to 2 [usable: 2], DeleteGroups(42): 0 to 2 [usable: 2], ElectLeaders(43): 0 to 2 [usable: 2], IncrementalAlterConfigs(44): 0 to 1 [usable: 1], AlterPartitionReassignments(45): 0 [usable: 0], ListPartitionReassignments(46): 0 [usable: 0], OffsetDelete(47): 0 [usable: 0], DescribeClientQuotas(48): 0 [usable: 0], AlterClientQuotas(49): 0 [usable: 0], DescribeUserScramCredentials(50): 0 [usable: 0], AlterUserScramCredentials(51): 0 [usable: 0], AlterIsr(56): 0 [usable: 0], UpdateFeatures(57): 0 [usable: 0]).
2021-02-17 09:09:02.297 [kafka-admin-client-thread | adminclient-1] DEBUG org.apache.kafka.clients.admin.KafkaAdminClient - [AdminClient clientId=adminclient-1] Sending MetadataRequestData(topics=null, allowAutoTopicCreation=true, includeClusterAuthorizedOperations=false, includeTopicAuthorizedOperations=false) to atul-G3-3579:9092 (id: 0 rack: null). correlationId=3
2021-02-17 09:09:02.297 [kafka-admin-client-thread | adminclient-1] DEBUG org.apache.kafka.clients.NetworkClient - [AdminClient clientId=adminclient-1] Sending METADATA request with header RequestHeader(apiKey=METADATA, apiVersion=9, clientId=adminclient-1, correlationId=3) and timeout 30000 to node 0: MetadataRequestData(topics=null, allowAutoTopicCreation=true, includeClusterAuthorizedOperations=false, includeTopicAuthorizedOperations=false)
2021-02-17 09:09:02.300 [kafka-admin-client-thread | adminclient-1] DEBUG org.apache.kafka.clients.NetworkClient - [AdminClient clientId=adminclient-1] Received METADATA response from node 0 for request with header RequestHeader(apiKey=METADATA, apiVersion=9, clientId=adminclient-1, correlationId=3): MetadataResponseData(throttleTimeMs=0, brokers=[MetadataResponseBroker(nodeId=0, host='atul-G3-3579', port=9092, rack=null)], clusterId='6WthurffQv6ciC7XQCNFBQ', controllerId=0, topics=[MetadataResponseTopic(errorCode=0, name='StockMarket', topicId=AAAAAAAAAAAAAAAAAAAAAA, isInternal=false, partitions=[MetadataResponsePartition(errorCode=0, partitionIndex=0, leaderId=0, leaderEpoch=0, replicaNodes=[0], isrNodes=[0], offlineReplicas=[])], topicAuthorizedOperations=-2147483648), MetadataResponseTopic(errorCode=0, name='testTopic', topicId=AAAAAAAAAAAAAAAAAAAAAA, isInternal=false, partitions=[MetadataResponsePartition(errorCode=0, partitionIndex=0, leaderId=0, leaderEpoch=0, replicaNodes=[0], isrNodes=[0], offlineReplicas=[])], topicAuthorizedOperations=-2147483648), MetadataResponseTopic(errorCode=0, name='__consumer_offsets', topicId=AAAAAAAAAAAAAAAAAAAAAA, isInternal=true, partitions=[MetadataResponsePartition(errorCode=0, partitionIndex=0, leaderId=0, leaderEpoch=0, replicaNodes=[0], isrNodes=[0], offlineReplicas=[]), MetadataResponsePartition(errorCode=0, partitionIndex=10, leaderId=0, leaderEpoch=0, replicaNodes=[0], isrNodes=[0], offlineReplicas=[]), MetadataResponsePartition(errorCode=0, partitionIndex=20, leaderId=0, leaderEpoch=0, replicaNodes=[0], isrNodes=[0], offlineReplicas=[]), MetadataResponsePartition(errorCode=0, partitionIndex=40, leaderId=0, leaderEpoch=0, replicaNodes=[0], isrNodes=[0], offlineReplicas=[]), MetadataResponsePartition(errorCode=0, partitionIndex=30, leaderId=0, leaderEpoch=0, replicaNodes=[0], isrNodes=[0], offlineReplicas=[]), MetadataResponsePartition(errorCode=0, partitionIndex=9, leaderId=0, leaderEpoch=0, replicaNodes=[0], isrNodes=[0], offlineReplicas=[]), MetadataResponsePartition(errorCode=0, partitionIndex=11, leaderId=0, leaderEpoch=0, replicaNodes=[0], isrNodes=[0], offlineReplicas=[]), MetadataResponsePartition(errorCode=0, partitionIndex=31, leaderId=0, leaderEpoch=0, replicaNodes=[0], isrNodes=[0], offlineReplicas=[]), MetadataResponsePartition(errorCode=0, partitionIndex=39, leaderId=0, leaderEpoch=0, replicaNodes=[0], isrNodes=[0], offlineReplicas=[]), MetadataResponsePartition(errorCode=0, partitionIndex=13, leaderId=0, leaderEpoch=0, replicaNodes=[0], isrNodes=[0], offlineReplicas=[]), MetadataResponsePartition(errorCode=0, partitionIndex=18, leaderId=0, leaderEpoch=0, replicaNodes=[0], isrNodes=[0], offlineReplicas=[]), MetadataResponsePartition(errorCode=0, partitionIndex=22, leaderId=0, leaderEpoch=0, replicaNodes=[0], isrNodes=[0], offlineReplicas=[]), MetadataResponsePartition(errorCode=0, partitionIndex=8, leaderId=0, leaderEpoch=0, replicaNodes=[0], isrNodes=[0], offlineReplicas=[]), MetadataResponsePartition(errorCode=0, partitionIndex=32, leaderId=0, leaderEpoch=0, replicaNodes=[0], isrNodes=[0], offlineReplicas=[]), MetadataResponsePartition(errorCode=0, partitionIndex=43, leaderId=0, leaderEpoch=0, replicaNodes=[0], isrNodes=[0], offlineReplicas=[]), MetadataResponsePartition(errorCode=0, partitionIndex=29, leaderId=0, leaderEpoch=0, replicaNodes=[0], isrNodes=[0], offlineReplicas=[]), MetadataResponsePartition(errorCode=0, partitionIndex=34, leaderId=0, leaderEpoch=0, replicaNodes=[0], isrNodes=[0], offlineReplicas=[]), MetadataResponsePartition(errorCode=0, partitionIndex=1, leaderId=0, leaderEpoch=0, replicaNodes=[0], isrNodes=[0], offlineReplicas=[]), MetadataResponsePartition(errorCode=0, partitionIndex=6, leaderId=0, leaderEpoch=0, replicaNodes=[0], isrNodes=[0], offlineReplicas=[]), MetadataResponsePartition(errorCode=0, partitionIndex=41, leaderId=0, leaderEpoch=0, replicaNodes=[0], isrNodes=[0], offlineReplicas=[]), MetadataResponsePartition(errorCode=0, partitionIndex=27, leaderId=0, leaderEpoch=0, replicaNodes=[0], isrNodes=[0], offlineReplicas=[]), MetadataResponsePartition(errorCode=0, partitionIndex=48, leaderId=0, leaderEpoch=0, replicaNodes=[0], isrNodes=[0], offlineReplicas=[]), MetadataResponsePartition(errorCode=0, partitionIndex=5, leaderId=0, leaderEpoch=0, replicaNodes=[0], isrNodes=[0], offlineReplicas=[]), MetadataResponsePartition(errorCode=0, partitionIndex=15, leaderId=0, leaderEpoch=0, replicaNodes=[0], isrNodes=[0], offlineReplicas=[]), MetadataResponsePartition(errorCode=0, partitionIndex=35, leaderId=0, leaderEpoch=0, replicaNodes=[0], isrNodes=[0], offlineReplicas=[]), MetadataResponsePartition(errorCode=0, partitionIndex=25, leaderId=0, leaderEpoch=0, replicaNodes=[0], isrNodes=[0], offlineReplicas=[]), MetadataResponsePartition(errorCode=0, partitionIndex=46, leaderId=0, leaderEpoch=0, replicaNodes=[0], isrNodes=[0], offlineReplicas=[]), MetadataResponsePartition(errorCode=0, partitionIndex=26, leaderId=0, leaderEpoch=0, replicaNodes=[0], isrNodes=[0], offlineReplicas=[]), MetadataResponsePartition(errorCode=0, partitionIndex=36, leaderId=0, leaderEpoch=0, replicaNodes=[0], isrNodes=[0], offlineReplicas=[]), MetadataResponsePartition(errorCode=0, partitionIndex=44, leaderId=0, leaderEpoch=0, replicaNodes=[0], isrNodes=[0], offlineReplicas=[]), MetadataResponsePartition(errorCode=0, partitionIndex=16, leaderId=0, leaderEpoch=0, replicaNodes=[0], isrNodes=[0], offlineReplicas=[]), MetadataResponsePartition(errorCode=0, partitionIndex=37, leaderId=0, leaderEpoch=0, replicaNodes=[0], isrNodes=[0], offlineReplicas=[]), MetadataResponsePartition(errorCode=0, partitionIndex=17, leaderId=0, leaderEpoch=0, replicaNodes=[0], isrNodes=[0], offlineReplicas=[]), MetadataResponsePartition(errorCode=0, partitionIndex=45, leaderId=0, leaderEpoch=0, replicaNodes=[0], isrNodes=[0], offlineReplicas=[]), MetadataResponsePartition(errorCode=0, partitionIndex=3, leaderId=0, leaderEpoch=0, replicaNodes=[0], isrNodes=[0], offlineReplicas=[]), MetadataResponsePartition(errorCode=0, partitionIndex=24, leaderId=0, leaderEpoch=0, replicaNodes=[0], isrNodes=[0], offlineReplicas=[]), MetadataResponsePartition(errorCode=0, partitionIndex=38, leaderId=0, leaderEpoch=0, replicaNodes=[0], isrNodes=[0], offlineReplicas=[]), MetadataResponsePartition(errorCode=0, partitionIndex=33, leaderId=0, leaderEpoch=0, replicaNodes=[0], isrNodes=[0], offlineReplicas=[]), MetadataResponsePartition(errorCode=0, partitionIndex=23, leaderId=0, leaderEpoch=0, replicaNodes=[0], isrNodes=[0], offlineReplicas=[]), MetadataResponsePartition(errorCode=0, partitionIndex=28, leaderId=0, leaderEpoch=0, replicaNodes=[0], isrNodes=[0], offlineReplicas=[]), MetadataResponsePartition(errorCode=0, partitionIndex=2, leaderId=0, leaderEpoch=0, replicaNodes=[0], isrNodes=[0], offlineReplicas=[]), MetadataResponsePartition(errorCode=0, partitionIndex=12, leaderId=0, leaderEpoch=0, replicaNodes=[0], isrNodes=[0], offlineReplicas=[]), MetadataResponsePartition(errorCode=0, partitionIndex=19, leaderId=0, leaderEpoch=0, replicaNodes=[0], isrNodes=[0], offlineReplicas=[]), MetadataResponsePartition(errorCode=0, partitionIndex=14, leaderId=0, leaderEpoch=0, replicaNodes=[0], isrNodes=[0], offlineReplicas=[]), MetadataResponsePartition(errorCode=0, partitionIndex=4, leaderId=0, leaderEpoch=0, replicaNodes=[0], isrNodes=[0], offlineReplicas=[]), MetadataResponsePartition(errorCode=0, partitionIndex=47, leaderId=0, leaderEpoch=0, replicaNodes=[0], isrNodes=[0], offlineReplicas=[]), MetadataResponsePartition(errorCode=0, partitionIndex=49, leaderId=0, leaderEpoch=0, replicaNodes=[0], isrNodes=[0], offlineReplicas=[]), MetadataResponsePartition(errorCode=0, partitionIndex=42, leaderId=0, leaderEpoch=0, replicaNodes=[0], isrNodes=[0], offlineReplicas=[]), MetadataResponsePartition(errorCode=0, partitionIndex=7, leaderId=0, leaderEpoch=0, replicaNodes=[0], isrNodes=[0], offlineReplicas=[]), MetadataResponsePartition(errorCode=0, partitionIndex=21, leaderId=0, leaderEpoch=0, replicaNodes=[0], isrNodes=[0], offlineReplicas=[])], topicAuthorizedOperations=-2147483648)], clusterAuthorizedOperations=-2147483648)
2021-02-17 09:09:02.304 [com.kafkastuff.wordcount.AdminRules.main()] DEBUG org.apache.kafka.clients.admin.KafkaAdminClient - [AdminClient clientId=adminclient-1] Initiating close operation.
2021-02-17 09:09:02.304 [com.kafkastuff.wordcount.AdminRules.main()] DEBUG org.apache.kafka.clients.admin.KafkaAdminClient - [AdminClient clientId=adminclient-1] Waiting for the I/O thread to exit. Hard shutdown in 31536000000 ms.
2021-02-17 09:09:02.305 [kafka-admin-client-thread | adminclient-1] INFO  org.apache.kafka.common.utils.AppInfoParser - App info kafka.admin.client for adminclient-1 unregistered
2021-02-17 09:09:02.309 [kafka-admin-client-thread | adminclient-1] INFO  org.apache.kafka.common.metrics.Metrics - Metrics scheduler closed
2021-02-17 09:09:02.309 [kafka-admin-client-thread | adminclient-1] INFO  org.apache.kafka.common.metrics.Metrics - Closing reporter org.apache.kafka.common.metrics.JmxReporter
2021-02-17 09:09:02.309 [kafka-admin-client-thread | adminclient-1] INFO  org.apache.kafka.common.metrics.Metrics - Metrics reporters closed
2021-02-17 09:09:02.309 [kafka-admin-client-thread | adminclient-1] DEBUG org.apache.kafka.clients.admin.KafkaAdminClient - [AdminClient clientId=adminclient-1] Exiting AdminClientRunnable thread.
2021-02-17 09:09:02.309 [com.kafkastuff.wordcount.AdminRules.main()] DEBUG org.apache.kafka.clients.admin.KafkaAdminClient - [AdminClient clientId=adminclient-1] Kafka admin client closed.
2021-02-17 09:09:02.310 [com.kafkastuff.wordcount.AdminRules.main()] INFO  org.apache.kafka.clients.admin.AdminClientConfig - AdminClientConfig values: 
	bootstrap.servers = [localhost:9092]
	client.dns.lookup = use_all_dns_ips
	client.id = 
	connections.max.idle.ms = 300000
	default.api.timeout.ms = 60000
	metadata.max.age.ms = 300000
	metric.reporters = []
	metrics.num.samples = 2
	metrics.recording.level = INFO
	metrics.sample.window.ms = 30000
	receive.buffer.bytes = 65536
	reconnect.backoff.max.ms = 1000
	reconnect.backoff.ms = 50
	request.timeout.ms = 30000
	retries = 2147483647
	retry.backoff.ms = 100
	sasl.client.callback.handler.class = null
	sasl.jaas.config = null
	sasl.kerberos.kinit.cmd = /usr/bin/kinit
	sasl.kerberos.min.time.before.relogin = 60000
	sasl.kerberos.service.name = null
	sasl.kerberos.ticket.renew.jitter = 0.05
	sasl.kerberos.ticket.renew.window.factor = 0.8
	sasl.login.callback.handler.class = null
	sasl.login.class = null
	sasl.login.refresh.buffer.seconds = 300
	sasl.login.refresh.min.period.seconds = 60
	sasl.login.refresh.window.factor = 0.8
	sasl.login.refresh.window.jitter = 0.05
	sasl.mechanism = GSSAPI
	security.protocol = PLAINTEXT
	security.providers = null
	send.buffer.bytes = 131072
	socket.connection.setup.timeout.max.ms = 127000
	socket.connection.setup.timeout.ms = 10000
	ssl.cipher.suites = null
	ssl.enabled.protocols = [TLSv1.2, TLSv1.3]
	ssl.endpoint.identification.algorithm = https
	ssl.engine.factory.class = null
	ssl.key.password = null
	ssl.keymanager.algorithm = SunX509
	ssl.keystore.certificate.chain = null
	ssl.keystore.key = null
	ssl.keystore.location = null
	ssl.keystore.password = null
	ssl.keystore.type = JKS
	ssl.protocol = TLSv1.3
	ssl.provider = null
	ssl.secure.random.implementation = null
	ssl.trustmanager.algorithm = PKIX
	ssl.truststore.certificates = null
	ssl.truststore.location = null
	ssl.truststore.password = null
	ssl.truststore.type = JKS

2021-02-17 09:09:02.311 [com.kafkastuff.wordcount.AdminRules.main()] DEBUG org.apache.kafka.clients.admin.internals.AdminMetadataManager - [AdminClient clientId=adminclient-2] Setting bootstrap cluster metadata Cluster(id = null, nodes = [localhost:9092 (id: -1 rack: null)], partitions = [], controller = null).
2021-02-17 09:09:02.314 [com.kafkastuff.wordcount.AdminRules.main()] INFO  org.apache.kafka.common.utils.AppInfoParser - Kafka version: 2.6.0
2021-02-17 09:09:02.314 [com.kafkastuff.wordcount.AdminRules.main()] INFO  org.apache.kafka.common.utils.AppInfoParser - Kafka commitId: 62abe01bee039651
2021-02-17 09:09:02.314 [com.kafkastuff.wordcount.AdminRules.main()] INFO  org.apache.kafka.common.utils.AppInfoParser - Kafka startTimeMs: 1613533142314
2021-02-17 09:09:02.315 [com.kafkastuff.wordcount.AdminRules.main()] DEBUG org.apache.kafka.clients.admin.KafkaAdminClient - [AdminClient clientId=adminclient-2] Kafka admin client initialized
2021-02-17 09:09:02.315 [kafka-admin-client-thread | adminclient-2] DEBUG org.apache.kafka.clients.NetworkClient - [AdminClient clientId=adminclient-2] Initiating connection to node localhost:9092 (id: -1 rack: null) using address localhost/127.0.0.1
2021-02-17 09:09:02.316 [com.kafkastuff.wordcount.AdminRules.main()] DEBUG org.apache.kafka.clients.admin.KafkaAdminClient - [AdminClient clientId=adminclient-2] Queueing Call(callName=findAllBrokers, deadlineMs=1613533202315, tries=0, nextAllowedTryMs=0) with a timeout 60000 ms from now.
2021-02-17 09:09:02.317 [kafka-admin-client-thread | adminclient-2] DEBUG org.apache.kafka.common.network.Selector - [AdminClient clientId=adminclient-2] Created socket with SO_RCVBUF = 65536, SO_SNDBUF = 131072, SO_TIMEOUT = 0 to node -1
2021-02-17 09:09:02.317 [kafka-admin-client-thread | adminclient-2] DEBUG org.apache.kafka.clients.NetworkClient - [AdminClient clientId=adminclient-2] Completed connection to node -1. Fetching API versions.
2021-02-17 09:09:02.317 [kafka-admin-client-thread | adminclient-2] DEBUG org.apache.kafka.clients.NetworkClient - [AdminClient clientId=adminclient-2] Initiating API versions fetch from node -1.
2021-02-17 09:09:02.317 [kafka-admin-client-thread | adminclient-2] DEBUG org.apache.kafka.clients.NetworkClient - [AdminClient clientId=adminclient-2] Sending API_VERSIONS request with header RequestHeader(apiKey=API_VERSIONS, apiVersion=3, clientId=adminclient-2, correlationId=0) and timeout 3600000 to node -1: ApiVersionsRequestData(clientSoftwareName='apache-kafka-java', clientSoftwareVersion='2.6.0')
2021-02-17 09:09:02.318 [kafka-admin-client-thread | adminclient-2] DEBUG org.apache.kafka.clients.NetworkClient - [AdminClient clientId=adminclient-2] Received API_VERSIONS response from node -1 for request with header RequestHeader(apiKey=API_VERSIONS, apiVersion=3, clientId=adminclient-2, correlationId=0): ApiVersionsResponseData(errorCode=0, apiKeys=[ApiVersionsResponseKey(apiKey=0, minVersion=0, maxVersion=8), ApiVersionsResponseKey(apiKey=1, minVersion=0, maxVersion=12), ApiVersionsResponseKey(apiKey=2, minVersion=0, maxVersion=5), ApiVersionsResponseKey(apiKey=3, minVersion=0, maxVersion=9), ApiVersionsResponseKey(apiKey=4, minVersion=0, maxVersion=4), ApiVersionsResponseKey(apiKey=5, minVersion=0, maxVersion=3), ApiVersionsResponseKey(apiKey=6, minVersion=0, maxVersion=6), ApiVersionsResponseKey(apiKey=7, minVersion=0, maxVersion=3), ApiVersionsResponseKey(apiKey=8, minVersion=0, maxVersion=8), ApiVersionsResponseKey(apiKey=9, minVersion=0, maxVersion=7), ApiVersionsResponseKey(apiKey=10, minVersion=0, maxVersion=3), ApiVersionsResponseKey(apiKey=11, minVersion=0, maxVersion=7), ApiVersionsResponseKey(apiKey=12, minVersion=0, maxVersion=4), ApiVersionsResponseKey(apiKey=13, minVersion=0, maxVersion=4), ApiVersionsResponseKey(apiKey=14, minVersion=0, maxVersion=5), ApiVersionsResponseKey(apiKey=15, minVersion=0, maxVersion=5), ApiVersionsResponseKey(apiKey=16, minVersion=0, maxVersion=4), ApiVersionsResponseKey(apiKey=17, minVersion=0, maxVersion=1), ApiVersionsResponseKey(apiKey=18, minVersion=0, maxVersion=3), ApiVersionsResponseKey(apiKey=19, minVersion=0, maxVersion=6), ApiVersionsResponseKey(apiKey=20, minVersion=0, maxVersion=5), ApiVersionsResponseKey(apiKey=21, minVersion=0, maxVersion=2), ApiVersionsResponseKey(apiKey=22, minVersion=0, maxVersion=4), ApiVersionsResponseKey(apiKey=23, minVersion=0, maxVersion=3), ApiVersionsResponseKey(apiKey=24, minVersion=0, maxVersion=2), ApiVersionsResponseKey(apiKey=25, minVersion=0, maxVersion=2), ApiVersionsResponseKey(apiKey=26, minVersion=0, maxVersion=2), ApiVersionsResponseKey(apiKey=27, minVersion=0, maxVersion=0), ApiVersionsResponseKey(apiKey=28, minVersion=0, maxVersion=3), ApiVersionsResponseKey(apiKey=29, minVersion=0, maxVersion=2), ApiVersionsResponseKey(apiKey=30, minVersion=0, maxVersion=2), ApiVersionsResponseKey(apiKey=31, minVersion=0, maxVersion=2), ApiVersionsResponseKey(apiKey=32, minVersion=0, maxVersion=3), ApiVersionsResponseKey(apiKey=33, minVersion=0, maxVersion=1), ApiVersionsResponseKey(apiKey=34, minVersion=0, maxVersion=1), ApiVersionsResponseKey(apiKey=35, minVersion=0, maxVersion=2), ApiVersionsResponseKey(apiKey=36, minVersion=0, maxVersion=2), ApiVersionsResponseKey(apiKey=37, minVersion=0, maxVersion=3), ApiVersionsResponseKey(apiKey=38, minVersion=0, maxVersion=2), ApiVersionsResponseKey(apiKey=39, minVersion=0, maxVersion=2), ApiVersionsResponseKey(apiKey=40, minVersion=0, maxVersion=2), ApiVersionsResponseKey(apiKey=41, minVersion=0, maxVersion=2), ApiVersionsResponseKey(apiKey=42, minVersion=0, maxVersion=2), ApiVersionsResponseKey(apiKey=43, minVersion=0, maxVersion=2), ApiVersionsResponseKey(apiKey=44, minVersion=0, maxVersion=1), ApiVersionsResponseKey(apiKey=45, minVersion=0, maxVersion=0), ApiVersionsResponseKey(apiKey=46, minVersion=0, maxVersion=0), ApiVersionsResponseKey(apiKey=47, minVersion=0, maxVersion=0), ApiVersionsResponseKey(apiKey=48, minVersion=0, maxVersion=0), ApiVersionsResponseKey(apiKey=49, minVersion=0, maxVersion=0), ApiVersionsResponseKey(apiKey=50, minVersion=0, maxVersion=0), ApiVersionsResponseKey(apiKey=51, minVersion=0, maxVersion=0), ApiVersionsResponseKey(apiKey=56, minVersion=0, maxVersion=0), ApiVersionsResponseKey(apiKey=57, minVersion=0, maxVersion=0)], throttleTimeMs=0, supportedFeatures=[], finalizedFeaturesEpoch=0, finalizedFeatures=[])
2021-02-17 09:09:02.319 [kafka-admin-client-thread | adminclient-2] DEBUG org.apache.kafka.clients.NetworkClient - [AdminClient clientId=adminclient-2] Node -1 has finalized features epoch: 0, finalized features: [], supported features: [], API versions: (Produce(0): 0 to 8 [usable: 8], Fetch(1): 0 to 12 [usable: 12], ListOffsets(2): 0 to 5 [usable: 5], Metadata(3): 0 to 9 [usable: 9], LeaderAndIsr(4): 0 to 4 [usable: 4], StopReplica(5): 0 to 3 [usable: 3], UpdateMetadata(6): 0 to 6 [usable: 6], ControlledShutdown(7): 0 to 3 [usable: 3], OffsetCommit(8): 0 to 8 [usable: 8], OffsetFetch(9): 0 to 7 [usable: 7], FindCoordinator(10): 0 to 3 [usable: 3], JoinGroup(11): 0 to 7 [usable: 7], Heartbeat(12): 0 to 4 [usable: 4], LeaveGroup(13): 0 to 4 [usable: 4], SyncGroup(14): 0 to 5 [usable: 5], DescribeGroups(15): 0 to 5 [usable: 5], ListGroups(16): 0 to 4 [usable: 4], SaslHandshake(17): 0 to 1 [usable: 1], ApiVersions(18): 0 to 3 [usable: 3], CreateTopics(19): 0 to 6 [usable: 6], DeleteTopics(20): 0 to 5 [usable: 5], DeleteRecords(21): 0 to 2 [usable: 2], InitProducerId(22): 0 to 4 [usable: 4], OffsetForLeaderEpoch(23): 0 to 3 [usable: 3], AddPartitionsToTxn(24): 0 to 2 [usable: 2], AddOffsetsToTxn(25): 0 to 2 [usable: 2], EndTxn(26): 0 to 2 [usable: 2], WriteTxnMarkers(27): 0 [usable: 0], TxnOffsetCommit(28): 0 to 3 [usable: 3], DescribeAcls(29): 0 to 2 [usable: 2], CreateAcls(30): 0 to 2 [usable: 2], DeleteAcls(31): 0 to 2 [usable: 2], DescribeConfigs(32): 0 to 3 [usable: 3], AlterConfigs(33): 0 to 1 [usable: 1], AlterReplicaLogDirs(34): 0 to 1 [usable: 1], DescribeLogDirs(35): 0 to 2 [usable: 2], SaslAuthenticate(36): 0 to 2 [usable: 2], CreatePartitions(37): 0 to 3 [usable: 3], CreateDelegationToken(38): 0 to 2 [usable: 2], RenewDelegationToken(39): 0 to 2 [usable: 2], ExpireDelegationToken(40): 0 to 2 [usable: 2], DescribeDelegationToken(41): 0 to 2 [usable: 2], DeleteGroups(42): 0 to 2 [usable: 2], ElectLeaders(43): 0 to 2 [usable: 2], IncrementalAlterConfigs(44): 0 to 1 [usable: 1], AlterPartitionReassignments(45): 0 [usable: 0], ListPartitionReassignments(46): 0 [usable: 0], OffsetDelete(47): 0 [usable: 0], DescribeClientQuotas(48): 0 [usable: 0], AlterClientQuotas(49): 0 [usable: 0], DescribeUserScramCredentials(50): 0 [usable: 0], AlterUserScramCredentials(51): 0 [usable: 0], AlterIsr(56): 0 [usable: 0], UpdateFeatures(57): 0 [usable: 0]).
2021-02-17 09:09:02.320 [kafka-admin-client-thread | adminclient-2] DEBUG org.apache.kafka.clients.admin.KafkaAdminClient - [AdminClient clientId=adminclient-2] Sending MetadataRequestData(topics=[], allowAutoTopicCreation=true, includeClusterAuthorizedOperations=false, includeTopicAuthorizedOperations=false) to localhost:9092 (id: -1 rack: null). correlationId=1
2021-02-17 09:09:02.320 [kafka-admin-client-thread | adminclient-2] DEBUG org.apache.kafka.clients.NetworkClient - [AdminClient clientId=adminclient-2] Sending METADATA request with header RequestHeader(apiKey=METADATA, apiVersion=9, clientId=adminclient-2, correlationId=1) and timeout 29995 to node -1: MetadataRequestData(topics=[], allowAutoTopicCreation=true, includeClusterAuthorizedOperations=false, includeTopicAuthorizedOperations=false)
2021-02-17 09:09:02.321 [kafka-admin-client-thread | adminclient-2] DEBUG org.apache.kafka.clients.NetworkClient - [AdminClient clientId=adminclient-2] Received METADATA response from node -1 for request with header RequestHeader(apiKey=METADATA, apiVersion=9, clientId=adminclient-2, correlationId=1): MetadataResponseData(throttleTimeMs=0, brokers=[MetadataResponseBroker(nodeId=0, host='atul-G3-3579', port=9092, rack=null)], clusterId='6WthurffQv6ciC7XQCNFBQ', controllerId=0, topics=[], clusterAuthorizedOperations=-2147483648)
2021-02-17 09:09:02.322 [kafka-admin-client-thread | adminclient-2] DEBUG org.apache.kafka.clients.admin.internals.AdminMetadataManager - [AdminClient clientId=adminclient-2] Updating cluster metadata to Cluster(id = 6WthurffQv6ciC7XQCNFBQ, nodes = [atul-G3-3579:9092 (id: 0 rack: null)], partitions = [], controller = atul-G3-3579:9092 (id: 0 rack: null))
2021-02-17 09:09:02.322 [kafka-admin-client-thread | adminclient-2] DEBUG org.apache.kafka.clients.NetworkClient - [AdminClient clientId=adminclient-2] Initiating connection to node atul-G3-3579:9092 (id: 0 rack: null) using address atul-G3-3579/127.0.1.1
2021-02-17 09:09:02.323 [kafka-admin-client-thread | adminclient-2] DEBUG org.apache.kafka.common.network.Selector - [AdminClient clientId=adminclient-2] Created socket with SO_RCVBUF = 65536, SO_SNDBUF = 131072, SO_TIMEOUT = 0 to node 0
2021-02-17 09:09:02.323 [kafka-admin-client-thread | adminclient-2] DEBUG org.apache.kafka.clients.NetworkClient - [AdminClient clientId=adminclient-2] Completed connection to node 0. Fetching API versions.
2021-02-17 09:09:02.323 [kafka-admin-client-thread | adminclient-2] DEBUG org.apache.kafka.clients.NetworkClient - [AdminClient clientId=adminclient-2] Initiating API versions fetch from node 0.
2021-02-17 09:09:02.323 [kafka-admin-client-thread | adminclient-2] DEBUG org.apache.kafka.clients.NetworkClient - [AdminClient clientId=adminclient-2] Sending API_VERSIONS request with header RequestHeader(apiKey=API_VERSIONS, apiVersion=3, clientId=adminclient-2, correlationId=2) and timeout 3600000 to node 0: ApiVersionsRequestData(clientSoftwareName='apache-kafka-java', clientSoftwareVersion='2.6.0')
2021-02-17 09:09:02.324 [kafka-admin-client-thread | adminclient-2] DEBUG org.apache.kafka.clients.NetworkClient - [AdminClient clientId=adminclient-2] Received API_VERSIONS response from node 0 for request with header RequestHeader(apiKey=API_VERSIONS, apiVersion=3, clientId=adminclient-2, correlationId=2): ApiVersionsResponseData(errorCode=0, apiKeys=[ApiVersionsResponseKey(apiKey=0, minVersion=0, maxVersion=8), ApiVersionsResponseKey(apiKey=1, minVersion=0, maxVersion=12), ApiVersionsResponseKey(apiKey=2, minVersion=0, maxVersion=5), ApiVersionsResponseKey(apiKey=3, minVersion=0, maxVersion=9), ApiVersionsResponseKey(apiKey=4, minVersion=0, maxVersion=4), ApiVersionsResponseKey(apiKey=5, minVersion=0, maxVersion=3), ApiVersionsResponseKey(apiKey=6, minVersion=0, maxVersion=6), ApiVersionsResponseKey(apiKey=7, minVersion=0, maxVersion=3), ApiVersionsResponseKey(apiKey=8, minVersion=0, maxVersion=8), ApiVersionsResponseKey(apiKey=9, minVersion=0, maxVersion=7), ApiVersionsResponseKey(apiKey=10, minVersion=0, maxVersion=3), ApiVersionsResponseKey(apiKey=11, minVersion=0, maxVersion=7), ApiVersionsResponseKey(apiKey=12, minVersion=0, maxVersion=4), ApiVersionsResponseKey(apiKey=13, minVersion=0, maxVersion=4), ApiVersionsResponseKey(apiKey=14, minVersion=0, maxVersion=5), ApiVersionsResponseKey(apiKey=15, minVersion=0, maxVersion=5), ApiVersionsResponseKey(apiKey=16, minVersion=0, maxVersion=4), ApiVersionsResponseKey(apiKey=17, minVersion=0, maxVersion=1), ApiVersionsResponseKey(apiKey=18, minVersion=0, maxVersion=3), ApiVersionsResponseKey(apiKey=19, minVersion=0, maxVersion=6), ApiVersionsResponseKey(apiKey=20, minVersion=0, maxVersion=5), ApiVersionsResponseKey(apiKey=21, minVersion=0, maxVersion=2), ApiVersionsResponseKey(apiKey=22, minVersion=0, maxVersion=4), ApiVersionsResponseKey(apiKey=23, minVersion=0, maxVersion=3), ApiVersionsResponseKey(apiKey=24, minVersion=0, maxVersion=2), ApiVersionsResponseKey(apiKey=25, minVersion=0, maxVersion=2), ApiVersionsResponseKey(apiKey=26, minVersion=0, maxVersion=2), ApiVersionsResponseKey(apiKey=27, minVersion=0, maxVersion=0), ApiVersionsResponseKey(apiKey=28, minVersion=0, maxVersion=3), ApiVersionsResponseKey(apiKey=29, minVersion=0, maxVersion=2), ApiVersionsResponseKey(apiKey=30, minVersion=0, maxVersion=2), ApiVersionsResponseKey(apiKey=31, minVersion=0, maxVersion=2), ApiVersionsResponseKey(apiKey=32, minVersion=0, maxVersion=3), ApiVersionsResponseKey(apiKey=33, minVersion=0, maxVersion=1), ApiVersionsResponseKey(apiKey=34, minVersion=0, maxVersion=1), ApiVersionsResponseKey(apiKey=35, minVersion=0, maxVersion=2), ApiVersionsResponseKey(apiKey=36, minVersion=0, maxVersion=2), ApiVersionsResponseKey(apiKey=37, minVersion=0, maxVersion=3), ApiVersionsResponseKey(apiKey=38, minVersion=0, maxVersion=2), ApiVersionsResponseKey(apiKey=39, minVersion=0, maxVersion=2), ApiVersionsResponseKey(apiKey=40, minVersion=0, maxVersion=2), ApiVersionsResponseKey(apiKey=41, minVersion=0, maxVersion=2), ApiVersionsResponseKey(apiKey=42, minVersion=0, maxVersion=2), ApiVersionsResponseKey(apiKey=43, minVersion=0, maxVersion=2), ApiVersionsResponseKey(apiKey=44, minVersion=0, maxVersion=1), ApiVersionsResponseKey(apiKey=45, minVersion=0, maxVersion=0), ApiVersionsResponseKey(apiKey=46, minVersion=0, maxVersion=0), ApiVersionsResponseKey(apiKey=47, minVersion=0, maxVersion=0), ApiVersionsResponseKey(apiKey=48, minVersion=0, maxVersion=0), ApiVersionsResponseKey(apiKey=49, minVersion=0, maxVersion=0), ApiVersionsResponseKey(apiKey=50, minVersion=0, maxVersion=0), ApiVersionsResponseKey(apiKey=51, minVersion=0, maxVersion=0), ApiVersionsResponseKey(apiKey=56, minVersion=0, maxVersion=0), ApiVersionsResponseKey(apiKey=57, minVersion=0, maxVersion=0)], throttleTimeMs=0, supportedFeatures=[], finalizedFeaturesEpoch=0, finalizedFeatures=[])
2021-02-17 09:09:02.325 [kafka-admin-client-thread | adminclient-2] DEBUG org.apache.kafka.clients.NetworkClient - [AdminClient clientId=adminclient-2] Node 0 has finalized features epoch: 0, finalized features: [], supported features: [], API versions: (Produce(0): 0 to 8 [usable: 8], Fetch(1): 0 to 12 [usable: 12], ListOffsets(2): 0 to 5 [usable: 5], Metadata(3): 0 to 9 [usable: 9], LeaderAndIsr(4): 0 to 4 [usable: 4], StopReplica(5): 0 to 3 [usable: 3], UpdateMetadata(6): 0 to 6 [usable: 6], ControlledShutdown(7): 0 to 3 [usable: 3], OffsetCommit(8): 0 to 8 [usable: 8], OffsetFetch(9): 0 to 7 [usable: 7], FindCoordinator(10): 0 to 3 [usable: 3], JoinGroup(11): 0 to 7 [usable: 7], Heartbeat(12): 0 to 4 [usable: 4], LeaveGroup(13): 0 to 4 [usable: 4], SyncGroup(14): 0 to 5 [usable: 5], DescribeGroups(15): 0 to 5 [usable: 5], ListGroups(16): 0 to 4 [usable: 4], SaslHandshake(17): 0 to 1 [usable: 1], ApiVersions(18): 0 to 3 [usable: 3], CreateTopics(19): 0 to 6 [usable: 6], DeleteTopics(20): 0 to 5 [usable: 5], DeleteRecords(21): 0 to 2 [usable: 2], InitProducerId(22): 0 to 4 [usable: 4], OffsetForLeaderEpoch(23): 0 to 3 [usable: 3], AddPartitionsToTxn(24): 0 to 2 [usable: 2], AddOffsetsToTxn2021-02-17 09:13:13.102 [com.kafkastuff.wordcount.AdminRules.main()] INFO  org.apache.kafka.clients.admin.AdminClientConfig - AdminClientConfig values: 
	bootstrap.servers = [localhost:9092]
	client.dns.lookup = use_all_dns_ips
	client.id = 
	connections.max.idle.ms = 300000
	default.api.timeout.ms = 60000
	metadata.max.age.ms = 300000
	metric.reporters = []
	metrics.num.samples = 2
	metrics.recording.level = INFO
	metrics.sample.window.ms = 30000
	receive.buffer.bytes = 65536
	reconnect.backoff.max.ms = 1000
	reconnect.backoff.ms = 50
	request.timeout.ms = 30000
	retries = 2147483647
	retry.backoff.ms = 100
	sasl.client.callback.handler.class = null
	sasl.jaas.config = null
	sasl.kerberos.kinit.cmd = /usr/bin/kinit
	sasl.kerberos.min.time.before.relogin = 60000
	sasl.kerberos.service.name = null
	sasl.kerberos.ticket.renew.jitter = 0.05
	sasl.kerberos.ticket.renew.window.factor = 0.8
	sasl.login.callback.handler.class = null
	sasl.login.class = null
	sasl.login.refresh.buffer.seconds = 300
	sasl.login.refresh.min.period.seconds = 60
	sasl.login.refresh.window.factor = 0.8
	sasl.login.refresh.window.jitter = 0.05
	sasl.mechanism = GSSAPI
	security.protocol = PLAINTEXT
	security.providers = null
	send.buffer.bytes = 131072
	socket.connection.setup.timeout.max.ms = 127000
	socket.connection.setup.timeout.ms = 10000
	ssl.cipher.suites = null
	ssl.enabled.protocols = [TLSv1.2, TLSv1.3]
	ssl.endpoint.identification.algorithm = https
	ssl.engine.factory.class = null
	ssl.key.password = null
	ssl.keymanager.algorithm = SunX509
	ssl.keystore.certificate.chain = null
	ssl.keystore.key = null
	ssl.keystore.location = null
	ssl.keystore.password = null
	ssl.keystore.type = JKS
	ssl.protocol = TLSv1.3
	ssl.provider = null
	ssl.secure.random.implementation = null
	ssl.trustmanager.algorithm = PKIX
	ssl.truststore.certificates = null
	ssl.truststore.location = null
	ssl.truststore.password = null
	ssl.truststore.type = JKS

2021-02-17 09:13:13.121 [com.kafkastuff.wordcount.AdminRules.main()] DEBUG org.apache.kafka.clients.admin.internals.AdminMetadataManager - [AdminClient clientId=adminclient-1] Setting bootstrap cluster metadata Cluster(id = null, nodes = [localhost:9092 (id: -1 rack: null)], partitions = [], controller = null).
2021-02-17 09:13:13.156 [com.kafkastuff.wordcount.AdminRules.main()] INFO  org.apache.kafka.common.utils.AppInfoParser - Kafka version: 2.6.0
2021-02-17 09:13:13.157 [com.kafkastuff.wordcount.AdminRules.main()] INFO  org.apache.kafka.common.utils.AppInfoParser - Kafka commitId: 62abe01bee039651
2021-02-17 09:13:13.157 [com.kafkastuff.wordcount.AdminRules.main()] INFO  org.apache.kafka.common.utils.AppInfoParser - Kafka startTimeMs: 1613533393155
2021-02-17 09:13:13.157 [com.kafkastuff.wordcount.AdminRules.main()] DEBUG org.apache.kafka.clients.admin.KafkaAdminClient - [AdminClient clientId=adminclient-1] Kafka admin client initialized
2021-02-17 09:13:13.159 [com.kafkastuff.wordcount.AdminRules.main()] DEBUG org.apache.kafka.clients.admin.KafkaAdminClient - [AdminClient clientId=adminclient-1] Queueing Call(callName=listTopics, deadlineMs=1613533453158, tries=0, nextAllowedTryMs=0) with a timeout 60000 ms from now.
2021-02-17 09:13:13.160 [kafka-admin-client-thread | adminclient-1] DEBUG org.apache.kafka.clients.NetworkClient - [AdminClient clientId=adminclient-1] Initiating connection to node localhost:9092 (id: -1 rack: null) using address localhost/127.0.0.1
2021-02-17 09:13:13.172 [kafka-admin-client-thread | adminclient-1] DEBUG org.apache.kafka.common.network.Selector - [AdminClient clientId=adminclient-1] Created socket with SO_RCVBUF = 65536, SO_SNDBUF = 131072, SO_TIMEOUT = 0 to node -1
2021-02-17 09:13:13.276 [kafka-admin-client-thread | adminclient-1] DEBUG org.apache.kafka.clients.NetworkClient - [AdminClient clientId=adminclient-1] Completed connection to node -1. Fetching API versions.
2021-02-17 09:13:13.276 [kafka-admin-client-thread | adminclient-1] DEBUG org.apache.kafka.clients.NetworkClient - [AdminClient clientId=adminclient-1] Initiating API versions fetch from node -1.
2021-02-17 09:13:13.285 [kafka-admin-client-thread | adminclient-1] DEBUG org.apache.kafka.clients.NetworkClient - [AdminClient clientId=adminclient-1] Sending API_VERSIONS request with header RequestHeader(apiKey=API_VERSIONS, apiVersion=3, clientId=adminclient-1, correlationId=0) and timeout 3600000 to node -1: ApiVersionsRequestData(clientSoftwareName='apache-kafka-java', clientSoftwareVersion='2.6.0')
2021-02-17 09:13:13.326 [kafka-admin-client-thread | adminclient-1] DEBUG org.apache.kafka.clients.NetworkClient - [AdminClient clientId=adminclient-1] Received API_VERSIONS response from node -1 for request with header RequestHeader(apiKey=API_VERSIONS, apiVersion=3, clientId=adminclient-1, correlationId=0): ApiVersionsResponseData(errorCode=0, apiKeys=[ApiVersionsResponseKey(apiKey=0, minVersion=0, maxVersion=8), ApiVersionsResponseKey(apiKey=1, minVersion=0, maxVersion=12), ApiVersionsResponseKey(apiKey=2, minVersion=0, maxVersion=5), ApiVersionsResponseKey(apiKey=3, minVersion=0, maxVersion=9), ApiVersionsResponseKey(apiKey=4, minVersion=0, maxVersion=4), ApiVersionsResponseKey(apiKey=5, minVersion=0, maxVersion=3), ApiVersionsResponseKey(apiKey=6, minVersion=0, maxVersion=6), ApiVersionsResponseKey(apiKey=7, minVersion=0, maxVersion=3), ApiVersionsResponseKey(apiKey=8, minVersion=0, maxVersion=8), ApiVersionsResponseKey(apiKey=9, minVersion=0, maxVersion=7), ApiVersionsResponseKey(apiKey=10, minVersion=0, maxVersion=3), ApiVersionsResponseKey(apiKey=11, minVersion=0, maxVersion=7), ApiVersionsResponseKey(apiKey=12, minVersion=0, maxVersion=4), ApiVersionsResponseKey(apiKey=13, minVersion=0, maxVersion=4), ApiVersionsResponseKey(apiKey=14, minVersion=0, maxVersion=5), ApiVersionsResponseKey(apiKey=15, minVersion=0, maxVersion=5), ApiVersionsResponseKey(apiKey=16, minVersion=0, maxVersion=4), ApiVersionsResponseKey(apiKey=17, minVersion=0, maxVersion=1), ApiVersionsResponseKey(apiKey=18, minVersion=0, maxVersion=3), ApiVersionsResponseKey(apiKey=19, minVersion=0, maxVersion=6), ApiVersionsResponseKey(apiKey=20, minVersion=0, maxVersion=5), ApiVersionsResponseKey(apiKey=21, minVersion=0, maxVersion=2), ApiVersionsResponseKey(apiKey=22, minVersion=0, maxVersion=4), ApiVersionsResponseKey(apiKey=23, minVersion=0, maxVersion=3), ApiVersionsResponseKey(apiKey=24, minVersion=0, maxVersion=2), ApiVersionsResponseKey(apiKey=25, minVersion=0, maxVersion=2), ApiVersionsResponseKey(apiKey=26, minVersion=0, maxVersion=2), ApiVersionsResponseKey(apiKey=27, minVersion=0, maxVersion=0), ApiVersionsResponseKey(apiKey=28, minVersion=0, maxVersion=3), ApiVersionsResponseKey(apiKey=29, minVersion=0, maxVersion=2), ApiVersionsResponseKey(apiKey=30, minVersion=0, maxVersion=2), ApiVersionsResponseKey(apiKey=31, minVersion=0, maxVersion=2), ApiVersionsResponseKey(apiKey=32, minVersion=0, maxVersion=3), ApiVersionsResponseKey(apiKey=33, minVersion=0, maxVersion=1), ApiVersionsResponseKey(apiKey=34, minVersion=0, maxVersion=1), ApiVersionsResponseKey(apiKey=35, minVersion=0, maxVersion=2), ApiVersionsResponseKey(apiKey=36, minVersion=0, maxVersion=2), ApiVersionsResponseKey(apiKey=37, minVersion=0, maxVersion=3), ApiVersionsResponseKey(apiKey=38, minVersion=0, maxVersion=2), ApiVersionsResponseKey(apiKey=39, minVersion=0, maxVersion=2), ApiVersionsResponseKey(apiKey=40, minVersion=0, maxVersion=2), ApiVersionsResponseKey(apiKey=41, minVersion=0, maxVersion=2), ApiVersionsResponseKey(apiKey=42, minVersion=0, maxVersion=2), ApiVersionsResponseKey(apiKey=43, minVersion=0, maxVersion=2), ApiVersionsResponseKey(apiKey=44, minVersion=0, maxVersion=1), ApiVersionsResponseKey(apiKey=45, minVersion=0, maxVersion=0), ApiVersionsResponseKey(apiKey=46, minVersion=0, maxVersion=0), ApiVersionsResponseKey(apiKey=47, minVersion=0, maxVersion=0), ApiVersionsResponseKey(apiKey=48, minVersion=0, maxVersion=0), ApiVersionsResponseKey(apiKey=49, minVersion=0, maxVersion=0), ApiVersionsResponseKey(apiKey=50, minVersion=0, maxVersion=0), ApiVersionsResponseKey(apiKey=51, minVersion=0, maxVersion=0), ApiVersionsResponseKey(apiKey=56, minVersion=0, maxVersion=0), ApiVersionsResponseKey(apiKey=57, minVersion=0, maxVersion=0)], throttleTimeMs=0, supportedFeatures=[], finalizedFeaturesEpoch=0, finalizedFeatures=[])
2021-02-17 09:13:13.328 [kafka-admin-client-thread | adminclient-1] DEBUG org.apache.kafka.clients.NetworkClient - [AdminClient clientId=adminclient-1] Node -1 has finalized features epoch: 0, finalized features: [], supported features: [], API versions: (Produce(0): 0 to 8 [usable: 8], Fetch(1): 0 to 12 [usable: 12], ListOffsets(2): 0 to 5 [usable: 5], Metadata(3): 0 to 9 [usable: 9], LeaderAndIsr(4): 0 to 4 [usable: 4], StopReplica(5): 0 to 3 [usable: 3], UpdateMetadata(6): 0 to 6 [usable: 6], ControlledShutdown(7): 0 to 3 [usable: 3], OffsetCommit(8): 0 to 8 [usable: 8], OffsetFetch(9): 0 to 7 [usable: 7], FindCoordinator(10): 0 to 3 [usable: 3], JoinGroup(11): 0 to 7 [usable: 7], Heartbeat(12): 0 to 4 [usable: 4], LeaveGroup(13): 0 to 4 [usable: 4], SyncGroup(14): 0 to 5 [usable: 5], DescribeGroups(15): 0 to 5 [usable: 5], ListGroups(16): 0 to 4 [usable: 4], SaslHandshake(17): 0 to 1 [usable: 1], ApiVersions(18): 0 to 3 [usable: 3], CreateTopics(19): 0 to 6 [usable: 6], DeleteTopics(20): 0 to 5 [usable: 5], DeleteRecords(21): 0 to 2 [usable: 2], InitProducerId(22): 0 to 4 [usable: 4], OffsetForLeaderEpoch(23): 0 to 3 [usable: 3], AddPartitionsToTxn(24): 0 to 2 [usable: 2], AddOffsetsToTxn(25): 0 to 2 [usable: 2], EndTxn(26): 0 to 2 [usable: 2], WriteTxnMarkers(27): 0 [usable: 0], TxnOffsetCommit(28): 0 to 3 [usable: 3], DescribeAcls(29): 0 to 2 [usable: 2], CreateAcls(30): 0 to 2 [usable: 2], DeleteAcls(31): 0 to 2 [usable: 2], DescribeConfigs(32): 0 to 3 [usable: 3], AlterConfigs(33): 0 to 1 [usable: 1], AlterReplicaLogDirs(34): 0 to 1 [usable: 1], DescribeLogDirs(35): 0 to 2 [usable: 2], SaslAuthenticate(36): 0 to 2 [usable: 2], CreatePartitions(37): 0 to 3 [usable: 3], CreateDelegationToken(38): 0 to 2 [usable: 2], RenewDelegationToken(39): 0 to 2 [usable: 2], ExpireDelegationToken(40): 0 to 2 [usable: 2], DescribeDelegationToken(41): 0 to 2 [usable: 2], DeleteGroups(42): 0 to 2 [usable: 2], ElectLeaders(43): 0 to 2 [usable: 2], IncrementalAlterConfigs(44): 0 to 1 [usable: 1], AlterPartitionReassignments(45): 0 [usable: 0], ListPartitionReassignments(46): 0 [usable: 0], OffsetDelete(47): 0 [usable: 0], DescribeClientQuotas(48): 0 [usable: 0], AlterClientQuotas(49): 0 [usable: 0], DescribeUserScramCredentials(50): 0 [usable: 0], AlterUserScramCredentials(51): 0 [usable: 0], AlterIsr(56): 0 [usable: 0], UpdateFeatures(57): 0 [usable: 0]).
2021-02-17 09:13:13.329 [kafka-admin-client-thread | adminclient-1] DEBUG org.apache.kafka.clients.admin.KafkaAdminClient - [AdminClient clientId=adminclient-1] Sending MetadataRequestData(topics=[], allowAutoTopicCreation=true, includeClusterAuthorizedOperations=false, includeTopicAuthorizedOperations=false) to localhost:9092 (id: -1 rack: null). correlationId=1
2021-02-17 09:13:13.329 [kafka-admin-client-thread | adminclient-1] DEBUG org.apache.kafka.clients.NetworkClient - [AdminClient clientId=adminclient-1] Sending METADATA request with header RequestHeader(apiKey=METADATA, apiVersion=9, clientId=adminclient-1, correlationId=1) and timeout 29829 to node -1: MetadataRequestData(topics=[], allowAutoTopicCreation=true, includeClusterAuthorizedOperations=false, includeTopicAuthorizedOperations=false)
2021-02-17 09:13:13.331 [kafka-admin-client-thread | adminclient-1] DEBUG org.apache.kafka.clients.NetworkClient - [AdminClient clientId=adminclient-1] Received METADATA response from node -1 for request with header RequestHeader(apiKey=METADATA, apiVersion=9, clientId=adminclient-1, correlationId=1): MetadataResponseData(throttleTimeMs=0, brokers=[MetadataResponseBroker(nodeId=0, host='atul-G3-3579', port=9092, rack=null)], clusterId='6WthurffQv6ciC7XQCNFBQ', controllerId=0, topics=[], clusterAuthorizedOperations=-2147483648)
2021-02-17 09:13:13.333 [kafka-admin-client-thread | adminclient-1] DEBUG org.apache.kafka.clients.admin.internals.AdminMetadataManager - [AdminClient clientId=adminclient-1] Updating cluster metadata to Cluster(id = 6WthurffQv6ciC7XQCNFBQ, nodes = [atul-G3-3579:9092 (id: 0 rack: null)], partitions = [], controller = atul-G3-3579:9092 (id: 0 rack: null))
2021-02-17 09:13:13.333 [kafka-admin-client-thread | adminclient-1] DEBUG org.apache.kafka.clients.NetworkClient - [AdminClient clientId=adminclient-1] Initiating connection to node atul-G3-3579:9092 (id: 0 rack: null) using address atul-G3-3579/127.0.1.1
2021-02-17 09:13:13.334 [kafka-admin-client-thread | adminclient-1] DEBUG org.apache.kafka.common.network.Selector - [AdminClient clientId=adminclient-1] Created socket with SO_RCVBUF = 65536, SO_SNDBUF = 131072, SO_TIMEOUT = 0 to node 0
2021-02-17 09:13:13.335 [kafka-admin-client-thread | adminclient-1] DEBUG org.apache.kafka.clients.NetworkClient - [AdminClient clientId=adminclient-1] Completed connection to node 0. Fetching API versions.
2021-02-17 09:13:13.335 [kafka-admin-client-thread | adminclient-1] DEBUG org.apache.kafka.clients.NetworkClient - [AdminClient clientId=adminclient-1] Initiating API versions fetch from node 0.
2021-02-17 09:13:13.335 [kafka-admin-client-thread | adminclient-1] DEBUG org.apache.kafka.clients.NetworkClient - [AdminClient clientId=adminclient-1] Sending API_VERSIONS request with header RequestHeader(apiKey=API_VERSIONS, apiVersion=3, clientId=adminclient-1, correlationId=2) and timeout 3600000 to node 0: ApiVersionsRequestData(clientSoftwareName='apache-kafka-java', clientSoftwareVersion='2.6.0')
2021-02-17 09:13:13.336 [kafka-admin-client-thread | adminclient-1] DEBUG org.apache.kafka.clients.NetworkClient - [AdminClient clientId=adminclient-1] Received API_VERSIONS response from node 0 for request with header RequestHeader(apiKey=API_VERSIONS, apiVersion=3, clientId=adminclient-1, correlationId=2): ApiVersionsResponseData(errorCode=0, apiKeys=[ApiVersionsResponseKey(apiKey=0, minVersion=0, maxVersion=8), ApiVersionsResponseKey(apiKey=1, minVersion=0, maxVersion=12), ApiVersionsResponseKey(apiKey=2, minVersion=0, maxVersion=5), ApiVersionsResponseKey(apiKey=3, minVersion=0, maxVersion=9), ApiVersionsResponseKey(apiKey=4, minVersion=0, maxVersion=4), ApiVersionsResponseKey(apiKey=5, minVersion=0, maxVersion=3), ApiVersionsResponseKey(apiKey=6, minVersion=0, maxVersion=6), ApiVersionsResponseKey(apiKey=7, minVersion=0, maxVersion=3), ApiVersionsResponseKey(apiKey=8, minVersion=0, maxVersion=8), ApiVersionsResponseKey(apiKey=9, minVersion=0, maxVersion=7), ApiVersionsResponseKey(apiKey=10, minVersion=0, maxVersion=3), ApiVersionsResponseKey(apiKey=11, minVersion=0, maxVersion=7), ApiVersionsResponseKey(apiKey=12, minVersion=0, maxVersion=4), ApiVersionsResponseKey(apiKey=13, minVersion=0, maxVersion=4), ApiVersionsResponseKey(apiKey=14, minVersion=0, maxVersion=5), ApiVersionsResponseKey(apiKey=15, minVersion=0, maxVersion=5), ApiVersionsResponseKey(apiKey=16, minVersion=0, maxVersion=4), ApiVersionsResponseKey(apiKey=17, minVersion=0, maxVersion=1), ApiVersionsResponseKey(apiKey=18, minVersion=0, maxVersion=3), ApiVersionsResponseKey(apiKey=19, minVersion=0, maxVersion=6), ApiVersionsResponseKey(apiKey=20, minVersion=0, maxVersion=5), ApiVersionsResponseKey(apiKey=21, minVersion=0, maxVersion=2), ApiVersionsResponseKey(apiKey=22, minVersion=0, maxVersion=4), ApiVersionsResponseKey(apiKey=23, minVersion=0, maxVersion=3), ApiVersionsResponseKey(apiKey=24, minVersion=0, maxVersion=2), ApiVersionsResponseKey(apiKey=25, minVersion=0, maxVersion=2), ApiVersionsResponseKey(apiKey=26, minVersion=0, maxVersion=2), ApiVersionsResponseKey(apiKey=27, minVersion=0, maxVersion=0), ApiVersionsResponseKey(apiKey=28, minVersion=0, maxVersion=3), ApiVersionsResponseKey(apiKey=29, minVersion=0, maxVersion=2), ApiVersionsResponseKey(apiKey=30, minVersion=0, maxVersion=2), ApiVersionsResponseKey(apiKey=31, minVersion=0, maxVersion=2), ApiVersionsResponseKey(apiKey=32, minVersion=0, maxVersion=3), ApiVersionsResponseKey(apiKey=33, minVersion=0, maxVersion=1), ApiVersionsResponseKey(apiKey=34, minVersion=0, maxVersion=1), ApiVersionsResponseKey(apiKey=35, minVersion=0, maxVersion=2), ApiVersionsResponseKey(apiKey=36, minVersion=0, maxVersion=2), ApiVersionsResponseKey(apiKey=37, minVersion=0, maxVersion=3), ApiVersionsResponseKey(apiKey=38, minVersion=0, maxVersion=2), ApiVersionsResponseKey(apiKey=39, minVersion=0, maxVersion=2), ApiVersionsResponseKey(apiKey=40, minVersion=0, maxVersion=2), ApiVersionsResponseKey(apiKey=41, minVersion=0, maxVersion=2), ApiVersionsResponseKey(apiKey=42, minVersion=0, maxVersion=2), ApiVersionsResponseKey(apiKey=43, minVersion=0, maxVersion=2), ApiVersionsResponseKey(apiKey=44, minVersion=0, maxVersion=1), ApiVersionsResponseKey(apiKey=45, minVersion=0, maxVersion=0), ApiVersionsResponseKey(apiKey=46, minVersion=0, maxVersion=0), ApiVersionsResponseKey(apiKey=47, minVersion=0, maxVersion=0), ApiVersionsResponseKey(apiKey=48, minVersion=0, maxVersion=0), ApiVersionsResponseKey(apiKey=49, minVersion=0, maxVersion=0), ApiVersionsResponseKey(apiKey=50, minVersion=0, maxVersion=0), ApiVersionsResponseKey(apiKey=51, minVersion=0, maxVersion=0), ApiVersionsResponseKey(apiKey=56, minVersion=0, maxVersion=0), ApiVersionsResponseKey(apiKey=57, minVersion=0, maxVersion=0)], throttleTimeMs=0, supportedFeatures=[], finalizedFeaturesEpoch=0, finalizedFeatures=[])
2021-02-17 09:13:13.337 [kafka-admin-client-thread | adminclient-1] DEBUG org.apache.kafka.clients.NetworkClient - [AdminClient clientId=adminclient-1] Node 0 has finalized features epoch: 0, finalized features: [], supported features: [], API versions: (Produce(0): 0 to 8 [usable: 8], Fetch(1): 0 to 12 [usable: 12], ListOffsets(2): 0 to 5 [usable: 5], Metadata(3): 0 to 9 [usable: 9], LeaderAndIsr(4): 0 to 4 [usable: 4], StopReplica(5): 0 to 3 [usable: 3], UpdateMetadata(6): 0 to 6 [usable: 6], ControlledShutdown(7): 0 to 3 [usable: 3], OffsetCommit(8): 0 to 8 [usable: 8], OffsetFetch(9): 0 to 7 [usable: 7], FindCoordinator(10): 0 to 3 [usable: 3], JoinGroup(11): 0 to 7 [usable: 7], Heartbeat(12): 0 to 4 [usable: 4], LeaveGroup(13): 0 to 4 [usable: 4], SyncGroup(14): 0 to 5 [usable: 5], DescribeGroups(15): 0 to 5 [usable: 5], ListGroups(16): 0 to 4 [usable: 4], SaslHandshake(17): 0 to 1 [usable: 1], ApiVersions(18): 0 to 3 [usable: 3], CreateTopics(19): 0 to 6 [usable: 6], DeleteTopics(20): 0 to 5 [usable: 5], DeleteRecords(21): 0 to 2 [usable: 2], InitProducerId(22): 0 to 4 [usable: 4], OffsetForLeaderEpoch(23): 0 to 3 [usable: 3], AddPartitionsToTxn(24): 0 to 2 [usable: 2], AddOffsetsToTxn(25): 0 to 2 [usable: 2], EndTxn(26): 0 to 2 [usable: 2], WriteTxnMarkers(27): 0 [usable: 0], TxnOffsetCommit(28): 0 to 3 [usable: 3], DescribeAcls(29): 0 to 2 [usable: 2], CreateAcls(30): 0 to 2 [usable: 2], DeleteAcls(31): 0 to 2 [usable: 2], DescribeConfigs(32): 0 to 3 [usable: 3], AlterConfigs(33): 0 to 1 [usable: 1], AlterReplicaLogDirs(34): 0 to 1 [usable: 1], DescribeLogDirs(35): 0 to 2 [usable: 2], SaslAuthenticate(36): 0 to 2 [usable: 2], CreatePartitions(37): 0 to 3 [usable: 3], CreateDelegationToken(38): 0 to 2 [usable: 2], RenewDelegationToken(39): 0 to 2 [usable: 2], ExpireDelegationToken(40): 0 to 2 [usable: 2], DescribeDelegationToken(41): 0 to 2 [usable: 2], DeleteGroups(42): 0 to 2 [usable: 2], ElectLeaders(43): 0 to 2 [usable: 2], IncrementalAlterConfigs(44): 0 to 1 [usable: 1], AlterPartitionReassignments(45): 0 [usable: 0], ListPartitionReassignments(46): 0 [usable: 0], OffsetDelete(47): 0 [usable: 0], DescribeClientQuotas(48): 0 [usable: 0], AlterClientQuotas(49): 0 [usable: 0], DescribeUserScramCredentials(50): 0 [usable: 0], AlterUserScramCredentials(51): 0 [usable: 0], AlterIsr(56): 0 [usable: 0], UpdateFeatures(57): 0 [usable: 0]).
2021-02-17 09:13:13.337 [kafka-admin-client-thread | adminclient-1] DEBUG org.apache.kafka.clients.admin.KafkaAdminClient - [AdminClient clientId=adminclient-1] Sending MetadataRequestData(topics=null, allowAutoTopicCreation=true, includeClusterAuthorizedOperations=false, includeTopicAuthorizedOperations=false) to atul-G3-3579:9092 (id: 0 rack: null). correlationId=3
2021-02-17 09:13:13.338 [kafka-admin-client-thread | adminclient-1] DEBUG org.apache.kafka.clients.NetworkClient - [AdminClient clientId=adminclient-1] Sending METADATA request with header RequestHeader(apiKey=METADATA, apiVersion=9, clientId=adminclient-1, correlationId=3) and timeout 30000 to node 0: MetadataRequestData(topics=null, allowAutoTopicCreation=true, includeClusterAuthorizedOperations=false, includeTopicAuthorizedOperations=false)
2021-02-17 09:13:13.340 [kafka-admin-client-thread | adminclient-1] DEBUG org.apache.kafka.clients.NetworkClient - [AdminClient clientId=adminclient-1] Received METADATA response from node 0 for request with header RequestHeader(apiKey=METADATA, apiVersion=9, clientId=adminclient-1, correlationId=3): MetadataResponseData(throttleTimeMs=0, brokers=[MetadataResponseBroker(nodeId=0, host='atul-G3-3579', port=9092, rack=null)], clusterId='6WthurffQv6ciC7XQCNFBQ', controllerId=0, topics=[MetadataResponseTopic(errorCode=0, name='StockMarket', topicId=AAAAAAAAAAAAAAAAAAAAAA, isInternal=false, partitions=[MetadataResponsePartition(errorCode=0, partitionIndex=0, leaderId=0, leaderEpoch=0, replicaNodes=[0], isrNodes=[0], offlineReplicas=[])], topicAuthorizedOperations=-2147483648), MetadataResponseTopic(errorCode=0, name='testTopic', topicId=AAAAAAAAAAAAAAAAAAAAAA, isInternal=false, partitions=[MetadataResponsePartition(errorCode=0, partitionIndex=0, leaderId=0, leaderEpoch=0, replicaNodes=[0], isrNodes=[0], offlineReplicas=[])], topicAuthorizedOperations=-2147483648), MetadataResponseTopic(errorCode=0, name='__consumer_offsets', topicId=AAAAAAAAAAAAAAAAAAAAAA, isInternal=true, partitions=[MetadataResponsePartition(errorCode=0, partitionIndex=0, leaderId=0, leaderEpoch=0, replicaNodes=[0], isrNodes=[0], offlineReplicas=[]), MetadataResponsePartition(errorCode=0, partitionIndex=10, leaderId=0, leaderEpoch=0, replicaNodes=[0], isrNodes=[0], offlineReplicas=[]), MetadataResponsePartition(errorCode=0, partitionIndex=20, leaderId=0, leaderEpoch=0, replicaNodes=[0], isrNodes=[0], offlineReplicas=[]), MetadataResponsePartition(errorCode=0, partitionIndex=40, leaderId=0, leaderEpoch=0, replicaNodes=[0], isrNodes=[0], offlineReplicas=[]), MetadataResponsePartition(errorCode=0, partitionIndex=30, leaderId=0, leaderEpoch=0, replicaNodes=[0], isrNodes=[0], offlineReplicas=[]), MetadataResponsePartition(errorCode=0, partitionIndex=9, leaderId=0, leaderEpoch=0, replicaNodes=[0], isrNodes=[0], offlineReplicas=[]), MetadataResponsePartition(errorCode=0, partitionIndex=11, leaderId=0, leaderEpoch=0, replicaNodes=[0], isrNodes=[0], offlineReplicas=[]), MetadataResponsePartition(errorCode=0, partitionIndex=31, leaderId=0, leaderEpoch=0, replicaNodes=[0], isrNodes=[0], offlineReplicas=[]), MetadataResponsePartition(errorCode=0, partitionIndex=39, leaderId=0, leaderEpoch=0, replicaNodes=[0], isrNodes=[0], offlineReplicas=[]), MetadataResponsePartition(errorCode=0, partitionIndex=13, leaderId=0, leaderEpoch=0, replicaNodes=[0], isrNodes=[0], offlineReplicas=[]), MetadataResponsePartition(errorCode=0, partitionIndex=18, leaderId=0, leaderEpoch=0, replicaNodes=[0], isrNodes=[0], offlineReplicas=[]), MetadataResponsePartition(errorCode=0, partitionIndex=22, leaderId=0, leaderEpoch=0, replicaNodes=[0], isrNodes=[0], offlineReplicas=[]), MetadataResponsePartition(errorCode=0, partitionIndex=8, leaderId=0, leaderEpoch=0, replicaNodes=[0], isrNodes=[0], offlineReplicas=[]), MetadataResponsePartition(errorCode=0, partitionIndex=32, leaderId=0, leaderEpoch=0, replicaNodes=[0], isrNodes=[0], offlineReplicas=[]), MetadataResponsePartition(errorCode=0, partitionIndex=43, leaderId=0, leaderEpoch=0, replicaNodes=[0], isrNodes=[0], offlineReplicas=[]), MetadataResponsePartition(errorCode=0, partitionIndex=29, leaderId=0, leaderEpoch=0, replicaNodes=[0], isrNodes=[0], offlineReplicas=[]), MetadataResponsePartition(errorCode=0, partitionIndex=34, leaderId=0, leaderEpoch=0, replicaNodes=[0], isrNodes=[0], offlineReplicas=[]), MetadataResponsePartition(errorCode=0, partitionIndex=1, leaderId=0, leaderEpoch=0, replicaNodes=[0], isrNodes=[0], offlineReplicas=[]), MetadataResponsePartition(errorCode=0, partitionIndex=6, leaderId=0, leaderEpoch=0, replicaNodes=[0], isrNodes=[0], offlineReplicas=[]), MetadataResponsePartition(errorCode=0, partitionIndex=41, leaderId=0, leaderEpoch=0, replicaNodes=[0], isrNodes=[0], offlineReplicas=[]), MetadataResponsePartition(errorCode=0, partitionIndex=27, leaderId=0, leaderEpoch=0, replicaNodes=[0], isrNodes=[0], offlineReplicas=[]), MetadataResponsePartition(errorCode=0, partitionIndex=48, leaderId=0, leaderEpoch=0, replicaNodes=[0], isrNodes=[0], offlineReplicas=[]), MetadataResponsePartition(errorCode=0, partitionIndex=5, leaderId=0, leaderEpoch=0, replicaNodes=[0], isrNodes=[0], offlineReplicas=[]), MetadataResponsePartition(errorCode=0, partitionIndex=15, leaderId=0, leaderEpoch=0, replicaNodes=[0], isrNodes=[0], offlineReplicas=[]), MetadataResponsePartition(errorCode=0, partitionIndex=35, leaderId=0, leaderEpoch=0, replicaNodes=[0], isrNodes=[0], offlineReplicas=[]), MetadataResponsePartition(errorCode=0, partitionIndex=25, leaderId=0, leaderEpoch=0, replicaNodes=[0], isrNodes=[0], offlineReplicas=[]), MetadataResponsePartition(errorCode=0, partitionIndex=46, leaderId=0, leaderEpoch=0, replicaNodes=[0], isrNodes=[0], offlineReplicas=[]), MetadataResponsePartition(errorCode=0, partitionIndex=26, leaderId=0, leaderEpoch=0, replicaNodes=[0], isrNodes=[0], offlineReplicas=[]), MetadataResponsePartition(errorCode=0, partitionIndex=36, leaderId=0, leaderEpoch=0, replicaNodes=[0], isrNodes=[0], offlineReplicas=[]), MetadataResponsePartition(errorCode=0, partitionIndex=44, leaderId=0, leaderEpoch=0, replicaNodes=[0], isrNodes=[0], offlineReplicas=[]), MetadataResponsePartition(errorCode=0, partitionIndex=16, leaderId=0, leaderEpoch=0, replicaNodes=[0], isrNodes=[0], offlineReplicas=[]), MetadataResponsePartition(errorCode=0, partitionIndex=37, leaderId=0, leaderEpoch=0, replicaNodes=[0], isrNodes=[0], offlineReplicas=[]), MetadataResponsePartition(errorCode=0, partitionIndex=17, leaderId=0, leaderEpoch=0, replicaNodes=[0], isrNodes=[0], offlineReplicas=[]), MetadataResponsePartition(errorCode=0, partitionIndex=45, leaderId=0, leaderEpoch=0, replicaNodes=[0], isrNodes=[0], offlineReplicas=[]), MetadataResponsePartition(errorCode=0, partitionIndex=3, leaderId=0, leaderEpoch=0, replicaNodes=[0], isrNodes=[0], offlineReplicas=[]), MetadataResponsePartition(errorCode=0, partitionIndex=24, leaderId=0, leaderEpoch=0, replicaNodes=[0], isrNodes=[0], offlineReplicas=[]), MetadataResponsePartition(errorCode=0, partitionIndex=38, leaderId=0, leaderEpoch=0, replicaNodes=[0], isrNodes=[0], offlineReplicas=[]), MetadataResponsePartition(errorCode=0, partitionIndex=33, leaderId=0, leaderEpoch=0, replicaNodes=[0], isrNodes=[0], offlineReplicas=[]), MetadataResponsePartition(errorCode=0, partitionIndex=23, leaderId=0, leaderEpoch=0, replicaNodes=[0], isrNodes=[0], offlineReplicas=[]), MetadataResponsePartition(errorCode=0, partitionIndex=28, leaderId=0, leaderEpoch=0, replicaNodes=[0], isrNodes=[0], offlineReplicas=[]), MetadataResponsePartition(errorCode=0, partitionIndex=2, leaderId=0, leaderEpoch=0, replicaNodes=[0], isrNodes=[0], offlineReplicas=[]), MetadataResponsePartition(errorCode=0, partitionIndex=12, leaderId=0, leaderEpoch=0, replicaNodes=[0], isrNodes=[0], offlineReplicas=[]), MetadataResponsePartition(errorCode=0, partitionIndex=19, leaderId=0, leaderEpoch=0, replicaNodes=[0], isrNodes=[0], offlineReplicas=[]), MetadataResponsePartition(errorCode=0, partitionIndex=14, leaderId=0, leaderEpoch=0, replicaNodes=[0], isrNodes=[0], offlineReplicas=[]), MetadataResponsePartition(errorCode=0, partitionIndex=4, leaderId=0, leaderEpoch=0, replicaNodes=[0], isrNodes=[0], offlineReplicas=[]), MetadataResponsePartition(errorCode=0, partitionIndex=47, leaderId=0, leaderEpoch=0, replicaNodes=[0], isrNodes=[0], offlineReplicas=[]), MetadataResponsePartition(errorCode=0, partitionIndex=49, leaderId=0, leaderEpoch=0, replicaNodes=[0], isrNodes=[0], offlineReplicas=[]), MetadataResponsePartition(errorCode=0, partitionIndex=42, leaderId=0, leaderEpoch=0, replicaNodes=[0], isrNodes=[0], offlineReplicas=[]), MetadataResponsePartition(errorCode=0, partitionIndex=7, leaderId=0, leaderEpoch=0, replicaNodes=[0], isrNodes=[0], offlineReplicas=[]), MetadataResponsePartition(errorCode=0, partitionIndex=21, leaderId=0, leaderEpoch=0, replicaNodes=[0], isrNodes=[0], offlineReplicas=[])], topicAuthorizedOperations=-2147483648)], clusterAuthorizedOperations=-2147483648)
2021-02-17 09:13:13.344 [com.kafkastuff.wordcount.AdminRules.main()] DEBUG org.apache.kafka.clients.admin.KafkaAdminClient - [AdminClient clientId=adminclient-1] Initiating close operation.
2021-02-17 09:13:13.344 [com.kafkastuff.wordcount.AdminRules.main()] DEBUG org.apache.kafka.clients.admin.KafkaAdminClient - [AdminClient clientId=adminclient-1] Waiting for the I/O thread to exit. Hard shutdown in 31536000000 ms.
2021-02-17 09:13:13.345 [kafka-admin-client-thread | adminclient-1] INFO  org.apache.kafka.common.utils.AppInfoParser - App info kafka.admin.client for adminclient-1 unregistered
2021-02-17 09:13:13.351 [kafka-admin-client-thread | adminclient-1] INFO  org.apache.kafka.common.metrics.Metrics - Metrics scheduler closed
2021-02-17 09:13:13.351 [kafka-admin-client-thread | adminclient-1] INFO  org.apache.kafka.common.metrics.Metrics - Closing reporter org.apache.kafka.common.metrics.JmxReporter
2021-02-17 09:13:13.351 [kafka-admin-client-thread | adminclient-1] INFO  org.apache.kafka.common.metrics.Metrics - Metrics reporters closed
2021-02-17 09:13:13.352 [kafka-admin-client-thread | adminclient-1] DEBUG org.apache.kafka.clients.admin.KafkaAdminClient - [AdminClient clientId=adminclient-1] Exiting AdminClientRunnable thread.
2021-02-17 09:13:13.352 [com.kafkastuff.wordcount.AdminRules.main()] DEBUG org.apache.kafka.clients.admin.KafkaAdminClient - [AdminClient clientId=adminclient-1] Kafka admin client closed.
2021-02-17 09:13:13.352 [com.kafkastuff.wordcount.AdminRules.main()] INFO  org.apache.kafka.clients.admin.AdminClientConfig - AdminClientConfig values: 
	bootstrap.servers = [localhost:9092]
	client.dns.lookup = use_all_dns_ips
	client.id = 
	connections.max.idle.ms = 300000
	default.api.timeout.ms = 60000
	metadata.max.age.ms = 300000
	metric.reporters = []
	metrics.num.samples = 2
	metrics.recording.level = INFO
	metrics.sample.window.ms = 30000
	receive.buffer.bytes = 65536
	reconnect.backoff.max.ms = 1000
	reconnect.backoff.ms = 50
	request.timeout.ms = 30000
	retries = 2147483647
	retry.backoff.ms = 100
	sasl.client.callback.handler.class = null
	sasl.jaas.config = null
	sasl.kerberos.kinit.cmd = /usr/bin/kinit
	sasl.kerberos.min.time.before.relogin = 60000
	sasl.kerberos.service.name = null
	sasl.kerberos.ticket.renew.jitter = 0.05
	sasl.kerberos.ticket.renew.window.factor = 0.8
	sasl.login.callback.handler.class = null
	sasl.login.class = null
	sasl.login.refresh.buffer.seconds = 300
	sasl.login.refresh.min.period.seconds = 60
	sasl.login.refresh.window.factor = 0.8
	sasl.login.refresh.window.jitter = 0.05
	sasl.mechanism = GSSAPI
	security.protocol = SSL
	security.providers = null
	send.buffer.bytes = 131072
	socket.connection.setup.timeout.max.ms = 127000
	socket.connection.setup.timeout.ms = 10000
	ssl.cipher.suites = null
	ssl.enabled.protocols = [TLSv1.2, TLSv1.3]
	ssl.endpoint.identification.algorithm = https
	ssl.engine.factory.class = null
	ssl.key.password = [hidden]
	ssl.keymanager.algorithm = SunX509
	ssl.keystore.certificate.chain = null
	ssl.keystore.key = null
	ssl.keystore.location = client.keystore.p12
	ssl.keystore.password = [hidden]
	ssl.keystore.type = PKCS12
	ssl.protocol = TLSv1.3
	ssl.provider = null
	ssl.secure.random.implementation = null
	ssl.trustmanager.algorithm = PKIX
	ssl.truststore.certificates = null
	ssl.truststore.location = client.truststore.jks
	ssl.truststore.password = [hidden]
	ssl.truststore.type = JKS

2021-02-17 09:13:13.353 [com.kafkastuff.wordcount.AdminRules.main()] DEBUG org.apache.kafka.clients.admin.internals.AdminMetadataManager - [AdminClient clientId=adminclient-2] Setting bootstrap cluster metadata Cluster(id = null, nodes = [localhost:9092 (id: -1 rack: null)], partitions = [], controller = null).
2021-02-17 09:13:13.358 [com.kafkastuff.wordcount.AdminRules.main()] ERROR org.apache.kafka